<?xml version="1.0" encoding="UTF-8" ?>
<testsuite tests="1" failures="0" name="dao.CancelTableTest" time="0.64" errors="1" skipped="0">
  <properties>
[...]
</properties>
  <testcase classname="dao.CancelTableTest" name="Test" time="0.64">
    <error message="
### Error updating database.  Cause: com.mysql.jdbc.exceptions.jdbc4.MySQLIntegrityConstraintViolationException: Duplicate entry &apos;100001&apos; for key &apos;registration_id&apos;
### The error may involve com.sise.dao.CancelTableDao.insertCancelTable-Inline
### The error occurred while setting parameters
### SQL: INSERT INTO cancel_table(cancel_content,cancel_time,employee_id,registration_id,cancel_status) VALUES (?,?,?,?,?)
### Cause: com.mysql.jdbc.exceptions.jdbc4.MySQLIntegrityConstraintViolationException: Duplicate entry &apos;100001&apos; for key &apos;registration_id&apos;
; SQL []; Duplicate entry &apos;100001&apos; for key &apos;registration_id&apos;; nested exception is com.mysql.jdbc.exceptions.jdbc4.MySQLIntegrityConstraintViolationException: Duplicate entry &apos;100001&apos; for key &apos;registration_id&apos;" type="org.springframework.dao.DuplicateKeyException">org.springframework.dao.DuplicateKeyException: 
### Error updating database.  Cause: com.mysql.jdbc.exceptions.jdbc4.MySQLIntegrityConstraintViolationException: Duplicate entry &apos;100001&apos; for key &apos;registration_id&apos;
### The error may involve com.sise.dao.CancelTableDao.insertCancelTable-Inline
### The error occurred while setting parameters
### SQL: INSERT INTO cancel_table(cancel_content,cancel_time,employee_id,registration_id,cancel_status) VALUES (?,?,?,?,?)
### Cause: com.mysql.jdbc.exceptions.jdbc4.MySQLIntegrityConstraintViolationException: Duplicate entry &apos;100001&apos; for key &apos;registration_id&apos;
; SQL []; Duplicate entry &apos;100001&apos; for key &apos;registration_id&apos;; nested exception is com.mysql.jdbc.exceptions.jdbc4.MySQLIntegrityConstraintViolationException: Duplicate entry &apos;100001&apos; for key &apos;registration_id&apos;
	at org.springframework.jdbc.support.SQLErrorCodeSQLExceptionTranslator.doTranslate(SQLErrorCodeSQLExceptionTranslator.java:239)
	at org.springframework.jdbc.support.AbstractFallbackSQLExceptionTranslator.translate(AbstractFallbackSQLExceptionTranslator.java:73)
	at org.mybatis.spring.MyBatisExceptionTranslator.translateExceptionIfPossible(MyBatisExceptionTranslator.java:75)
	at org.mybatis.spring.SqlSessionTemplate$SqlSessionInterceptor.invoke(SqlSessionTemplate.java:447)
	at com.sun.proxy.$Proxy21.insert(Unknown Source)
	at org.mybatis.spring.SqlSessionTemplate.insert(SqlSessionTemplate.java:279)
	at org.apache.ibatis.binding.MapperMethod.execute(MapperMethod.java:57)
	at org.apache.ibatis.binding.MapperProxy.invoke(MapperProxy.java:59)
	at com.sun.proxy.$Proxy40.insertCancelTable(Unknown Source)
	at com.sise.service.serviceimpl.CancelTableServiceImpl.saveCancelTable(CancelTableServiceImpl.java:21)
	at dao.CancelTableTest.Test(CancelTableTest.java:28)
	at sun.reflect.NativeMethodAccessorImpl.invoke0(Native Method)
	at sun.reflect.NativeMethodAccessorImpl.invoke(NativeMethodAccessorImpl.java:62)
	at sun.reflect.DelegatingMethodAccessorImpl.invoke(DelegatingMethodAccessorImpl.java:43)
	at java.lang.reflect.Method.invoke(Method.java:497)
	at org.junit.runners.model.FrameworkMethod$1.runReflectiveCall(FrameworkMethod.java:50)
	at org.junit.internal.runners.model.ReflectiveCallable.run(ReflectiveCallable.java:12)
	at org.junit.runners.model.FrameworkMethod.invokeExplosively(FrameworkMethod.java:47)
	at org.junit.internal.runners.statements.InvokeMethod.evaluate(InvokeMethod.java:17)
	at org.springframework.test.context.junit4.statements.RunBeforeTestMethodCallbacks.evaluate(RunBeforeTestMethodCallbacks.java:75)
	at org.springframework.test.context.junit4.statements.RunAfterTestMethodCallbacks.evaluate(RunAfterTestMethodCallbacks.java:86)
	at org.springframework.test.context.junit4.statements.SpringRepeat.evaluate(SpringRepeat.java:84)
	at org.junit.runners.ParentRunner.runLeaf(ParentRunner.java:325)
	at org.springframework.test.context.junit4.SpringJUnit4ClassRunner.runChild(SpringJUnit4ClassRunner.java:252)
	at org.springframework.test.context.junit4.SpringJUnit4ClassRunner.runChild(SpringJUnit4ClassRunner.java:94)
	at org.junit.runners.ParentRunner$3.run(ParentRunner.java:290)
	at org.junit.runners.ParentRunner$1.schedule(ParentRunner.java:71)
	at org.junit.runners.ParentRunner.runChildren(ParentRunner.java:288)
	at org.junit.runners.ParentRunner.access$000(ParentRunner.java:58)
	at org.junit.runners.ParentRunner$2.evaluate(ParentRunner.java:268)
	at org.springframework.test.context.junit4.statements.RunBeforeTestClassCallbacks.evaluate(RunBeforeTestClassCallbacks.java:61)
	at org.springframework.test.context.junit4.statements.RunAfterTestClassCallbacks.evaluate(RunAfterTestClassCallbacks.java:70)
	at org.junit.runners.ParentRunner.run(ParentRunner.java:363)
	at org.springframework.test.context.junit4.SpringJUnit4ClassRunner.run(SpringJUnit4ClassRunner.java:191)
	at org.apache.maven.surefire.junit4.JUnit4Provider.execute(JUnit4Provider.java:252)
	at org.apache.maven.surefire.junit4.JUnit4Provider.executeTestSet(JUnit4Provider.java:141)
	at org.apache.maven.surefire.junit4.JUnit4Provider.invoke(JUnit4Provider.java:112)
	at sun.reflect.NativeMethodAccessorImpl.invoke0(Native Method)
	at sun.reflect.NativeMethodAccessorImpl.invoke(NativeMethodAccessorImpl.java:62)
	at sun.reflect.DelegatingMethodAccessorImpl.invoke(DelegatingMethodAccessorImpl.java:43)
	at java.lang.reflect.Method.invoke(Method.java:497)
	at org.apache.maven.surefire.util.ReflectionUtils.invokeMethodWithArray(ReflectionUtils.java:189)
	at org.apache.maven.surefire.booter.ProviderFactory$ProviderProxy.invoke(ProviderFactory.java:165)
	at org.apache.maven.surefire.booter.ProviderFactory.invokeProvider(ProviderFactory.java:85)
	at org.apache.maven.surefire.booter.ForkedBooter.runSuitesInProcess(ForkedBooter.java:115)
	at org.apache.maven.surefire.booter.ForkedBooter.main(ForkedBooter.java:75)
Caused by: com.mysql.jdbc.exceptions.jdbc4.MySQLIntegrityConstraintViolationException: Duplicate entry &apos;100001&apos; for key &apos;registration_id&apos;
	at sun.reflect.NativeConstructorAccessorImpl.newInstance0(Native Method)
	at sun.reflect.NativeConstructorAccessorImpl.newInstance(NativeConstructorAccessorImpl.java:62)
	at sun.reflect.DelegatingConstructorAccessorImpl.newInstance(DelegatingConstructorAccessorImpl.java:45)
	at java.lang.reflect.Constructor.newInstance(Constructor.java:422)
	at com.mysql.jdbc.Util.handleNewInstance(Util.java:409)
	at com.mysql.jdbc.Util.getInstance(Util.java:384)
	at com.mysql.jdbc.SQLError.createSQLException(SQLError.java:1039)
	at com.mysql.jdbc.MysqlIO.checkErrorPacket(MysqlIO.java:4232)
	at com.mysql.jdbc.MysqlIO.checkErrorPacket(MysqlIO.java:4164)
	at com.mysql.jdbc.MysqlIO.sendCommand(MysqlIO.java:2615)
	at com.mysql.jdbc.MysqlIO.sqlQueryDirect(MysqlIO.java:2776)
	at com.mysql.jdbc.ConnectionImpl.execSQL(ConnectionImpl.java:2838)
	at com.mysql.jdbc.PreparedStatement.executeInternal(PreparedStatement.java:2082)
	at com.mysql.jdbc.PreparedStatement.execute(PreparedStatement.java:1307)
	at com.mchange.v2.c3p0.impl.NewProxyPreparedStatement.execute(NewProxyPreparedStatement.java:67)
	at sun.reflect.NativeMethodAccessorImpl.invoke0(Native Method)
	at sun.reflect.NativeMethodAccessorImpl.invoke(NativeMethodAccessorImpl.java:62)
	at sun.reflect.DelegatingMethodAccessorImpl.invoke(DelegatingMethodAccessorImpl.java:43)
	at java.lang.reflect.Method.invoke(Method.java:497)
	at org.apache.ibatis.logging.jdbc.PreparedStatementLogger.invoke(PreparedStatementLogger.java:59)
	at com.sun.proxy.$Proxy54.execute(Unknown Source)
	at org.apache.ibatis.executor.statement.PreparedStatementHandler.update(PreparedStatementHandler.java:46)
	at org.apache.ibatis.executor.statement.RoutingStatementHandler.update(RoutingStatementHandler.java:74)
	at org.apache.ibatis.executor.ReuseExecutor.doUpdate(ReuseExecutor.java:52)
	at org.apache.ibatis.executor.BaseExecutor.update(BaseExecutor.java:117)
	at org.apache.ibatis.executor.CachingExecutor.update(CachingExecutor.java:76)
	at sun.reflect.NativeMethodAccessorImpl.invoke0(Native Method)
	at sun.reflect.NativeMethodAccessorImpl.invoke(NativeMethodAccessorImpl.java:62)
	at sun.reflect.DelegatingMethodAccessorImpl.invoke(DelegatingMethodAccessorImpl.java:43)
	at java.lang.reflect.Method.invoke(Method.java:497)
	at org.apache.ibatis.plugin.Plugin.invoke(Plugin.java:63)
	at com.sun.proxy.$Proxy52.update(Unknown Source)
	at org.apache.ibatis.session.defaults.DefaultSqlSession.update(DefaultSqlSession.java:198)
	at org.apache.ibatis.session.defaults.DefaultSqlSession.insert(DefaultSqlSession.java:185)
	at sun.reflect.NativeMethodAccessorImpl.invoke0(Native Method)
	at sun.reflect.NativeMethodAccessorImpl.invoke(NativeMethodAccessorImpl.java:62)
	at sun.reflect.DelegatingMethodAccessorImpl.invoke(DelegatingMethodAccessorImpl.java:43)
	at java.lang.reflect.Method.invoke(Method.java:497)
	at org.mybatis.spring.SqlSessionTemplate$SqlSessionInterceptor.invoke(SqlSessionTemplate.java:434)
	... 42 more
</error>
    <system-out>DEBUG - SpringJUnit4ClassRunner constructor called with [class dao.CancelTableTest]
DEBUG - Instantiating CacheAwareContextLoaderDelegate from class [org.springframework.test.context.cache.DefaultCacheAwareContextLoaderDelegate]
DEBUG - Instantiating BootstrapContext using constructor [public org.springframework.test.context.support.DefaultBootstrapContext(java.lang.Class,org.springframework.test.context.CacheAwareContextLoaderDelegate)]
DEBUG - Instantiating TestContextBootstrapper for test class [dao.CancelTableTest] from class [org.springframework.test.context.support.DefaultTestContextBootstrapper]
DEBUG - Delegating to GenericXmlContextLoader to process context configuration [ContextConfigurationAttributes@59fa1d9b declaringClass = &apos;dao.CancelTableTest&apos;, classes = &apos;{}&apos;, locations = &apos;{classpath:ssm/applicationContext.xml}&apos;, inheritLocations = true, initializers = &apos;{}&apos;, inheritInitializers = true, name = [null], contextLoaderClass = &apos;org.springframework.test.context.ContextLoader&apos;].
DEBUG - Could not find an &apos;annotation declaring class&apos; for annotation type [org.springframework.test.context.ActiveProfiles] and class [dao.CancelTableTest]
DEBUG - @TestExecutionListeners is not present for class [dao.CancelTableTest]: using defaults.
INFO - Loaded default TestExecutionListener class names from location [META-INF/spring.factories]: [org.springframework.test.context.web.ServletTestExecutionListener, org.springframework.test.context.support.DirtiesContextBeforeModesTestExecutionListener, org.springframework.test.context.support.DependencyInjectionTestExecutionListener, org.springframework.test.context.support.DirtiesContextTestExecutionListener, org.springframework.test.context.transaction.TransactionalTestExecutionListener, org.springframework.test.context.jdbc.SqlScriptsTestExecutionListener]
INFO - Using TestExecutionListeners: [org.springframework.test.context.web.ServletTestExecutionListener@57536d79, org.springframework.test.context.support.DirtiesContextBeforeModesTestExecutionListener@3b0143d3, org.springframework.test.context.support.DependencyInjectionTestExecutionListener@5a8e6209, org.springframework.test.context.support.DirtiesContextTestExecutionListener@4b4523f8, org.springframework.test.context.transaction.TransactionalTestExecutionListener@731a74c, org.springframework.test.context.jdbc.SqlScriptsTestExecutionListener@369f73a2]
DEBUG - Retrieved @ProfileValueSourceConfiguration [null] for test class [dao.CancelTableTest]
DEBUG - Retrieved ProfileValueSource type [class org.springframework.test.annotation.SystemProfileValueSource] for class [dao.CancelTableTest]
DEBUG - Retrieved @ProfileValueSourceConfiguration [null] for test class [dao.CancelTableTest]
DEBUG - Retrieved ProfileValueSource type [class org.springframework.test.annotation.SystemProfileValueSource] for class [dao.CancelTableTest]
DEBUG - Before test class: context [DefaultTestContext@610694f1 testClass = CancelTableTest, testInstance = [null], testMethod = [null], testException = [null], mergedContextConfiguration = [MergedContextConfiguration@43814d18 testClass = CancelTableTest, locations = &apos;{classpath:ssm/applicationContext.xml}&apos;, classes = &apos;{}&apos;, contextInitializerClasses = &apos;[]&apos;, activeProfiles = &apos;{}&apos;, propertySourceLocations = &apos;{}&apos;, propertySourceProperties = &apos;{}&apos;, contextCustomizers = set[[empty]], contextLoader = &apos;org.springframework.test.context.support.DelegatingSmartContextLoader&apos;, parent = [null]]], class annotated with @DirtiesContext [false] with mode [null].
DEBUG - Retrieved @ProfileValueSourceConfiguration [null] for test class [dao.CancelTableTest]
DEBUG - Retrieved ProfileValueSource type [class org.springframework.test.annotation.SystemProfileValueSource] for class [dao.CancelTableTest]
DEBUG - Performing dependency injection for test context [[DefaultTestContext@610694f1 testClass = CancelTableTest, testInstance = dao.CancelTableTest@49fc609f, testMethod = [null], testException = [null], mergedContextConfiguration = [MergedContextConfiguration@43814d18 testClass = CancelTableTest, locations = &apos;{classpath:ssm/applicationContext.xml}&apos;, classes = &apos;{}&apos;, contextInitializerClasses = &apos;[]&apos;, activeProfiles = &apos;{}&apos;, propertySourceLocations = &apos;{}&apos;, propertySourceProperties = &apos;{}&apos;, contextCustomizers = set[[empty]], contextLoader = &apos;org.springframework.test.context.support.DelegatingSmartContextLoader&apos;, parent = [null]]]].
DEBUG - Delegating to GenericXmlContextLoader to load context from [MergedContextConfiguration@43814d18 testClass = CancelTableTest, locations = &apos;{classpath:ssm/applicationContext.xml}&apos;, classes = &apos;{}&apos;, contextInitializerClasses = &apos;[]&apos;, activeProfiles = &apos;{}&apos;, propertySourceLocations = &apos;{}&apos;, propertySourceProperties = &apos;{}&apos;, contextCustomizers = set[[empty]], contextLoader = &apos;org.springframework.test.context.support.DelegatingSmartContextLoader&apos;, parent = [null]].
DEBUG - Loading ApplicationContext for merged context configuration [[MergedContextConfiguration@43814d18 testClass = CancelTableTest, locations = &apos;{classpath:ssm/applicationContext.xml}&apos;, classes = &apos;{}&apos;, contextInitializerClasses = &apos;[]&apos;, activeProfiles = &apos;{}&apos;, propertySourceLocations = &apos;{}&apos;, propertySourceProperties = &apos;{}&apos;, contextCustomizers = set[[empty]], contextLoader = &apos;org.springframework.test.context.support.DelegatingSmartContextLoader&apos;, parent = [null]]].
DEBUG - Adding [systemProperties] PropertySource with lowest search precedence
DEBUG - Adding [systemEnvironment] PropertySource with lowest search precedence
DEBUG - Initialized StandardEnvironment with PropertySources [systemProperties,systemEnvironment]
INFO - Loading XML bean definitions from class path resource [ssm/applicationContext.xml]
DEBUG - Using JAXP provider [com.sun.org.apache.xerces.internal.jaxp.DocumentBuilderFactoryImpl]
DEBUG - Loading schema mappings from [META-INF/spring.schemas]
DEBUG - Loaded schema mappings: {http://www.springframework.org/schema/tx/spring-tx-4.3.xsd=org/springframework/transaction/config/spring-tx-4.3.xsd, http://www.springframework.org/schema/tx/spring-tx-2.5.xsd=org/springframework/transaction/config/spring-tx-2.5.xsd, http://www.springframework.org/schema/cache/spring-cache-4.2.xsd=org/springframework/cache/config/spring-cache-4.2.xsd, http://www.springframework.org/schema/aop/spring-aop-4.1.xsd=org/springframework/aop/config/spring-aop-4.1.xsd, http://www.springframework.org/schema/context/spring-context-3.1.xsd=org/springframework/context/config/spring-context-3.1.xsd, http://www.springframework.org/schema/jdbc/spring-jdbc-4.1.xsd=org/springframework/jdbc/config/spring-jdbc-4.1.xsd, http://www.springframework.org/schema/mvc/spring-mvc-4.1.xsd=org/springframework/web/servlet/config/spring-mvc-4.1.xsd, http://www.springframework.org/schema/util/spring-util-3.0.xsd=org/springframework/beans/factory/xml/spring-util-3.0.xsd, http://mybatis.org/schema/mybatis-spring-1.2.xsd=org/mybatis/spring/config/mybatis-spring-1.2.xsd, http://www.springframework.org/schema/aop/spring-aop-3.2.xsd=org/springframework/aop/config/spring-aop-3.2.xsd, http://www.springframework.org/schema/tool/spring-tool.xsd=org/springframework/beans/factory/xml/spring-tool-4.3.xsd, http://www.springframework.org/schema/lang/spring-lang-4.1.xsd=org/springframework/scripting/config/spring-lang-4.1.xsd, http://www.springframework.org/schema/context/spring-context-4.0.xsd=org/springframework/context/config/spring-context-4.0.xsd, http://www.springframework.org/schema/mvc/spring-mvc-3.2.xsd=org/springframework/web/servlet/config/spring-mvc-3.2.xsd, http://www.springframework.org/schema/beans/spring-beans-4.2.xsd=org/springframework/beans/factory/xml/spring-beans-4.2.xsd, http://www.springframework.org/schema/oxm/spring-oxm-3.0.xsd=org/springframework/oxm/config/spring-oxm-3.0.xsd, http://www.springframework.org/schema/tool/spring-tool-4.1.xsd=org/springframework/beans/factory/xml/spring-tool-4.1.xsd, http://www.springframework.org/schema/lang/spring-lang-3.2.xsd=org/springframework/scripting/config/spring-lang-3.2.xsd, http://www.springframework.org/schema/cache/spring-cache-3.2.xsd=org/springframework/cache/config/spring-cache-3.2.xsd, http://www.springframework.org/schema/jee/spring-jee-4.1.xsd=org/springframework/ejb/config/spring-jee-4.1.xsd, http://www.springframework.org/schema/jdbc/spring-jdbc-3.1.xsd=org/springframework/jdbc/config/spring-jdbc-3.1.xsd, http://www.springframework.org/schema/util/spring-util-2.0.xsd=org/springframework/beans/factory/xml/spring-util-2.0.xsd, http://www.springframework.org/schema/task/spring-task-4.2.xsd=org/springframework/scheduling/config/spring-task-4.2.xsd, http://www.springframework.org/schema/tool/spring-tool-3.2.xsd=org/springframework/beans/factory/xml/spring-tool-3.2.xsd, http://www.springframework.org/schema/context/spring-context.xsd=org/springframework/context/config/spring-context-4.3.xsd, http://www.springframework.org/schema/tx/spring-tx-4.2.xsd=org/springframework/transaction/config/spring-tx-4.2.xsd, http://www.springframework.org/schema/cache/spring-cache-4.1.xsd=org/springframework/cache/config/spring-cache-4.1.xsd, http://www.springframework.org/schema/aop/spring-aop-4.0.xsd=org/springframework/aop/config/spring-aop-4.0.xsd, http://www.springframework.org/schema/jee/spring-jee-3.2.xsd=org/springframework/ejb/config/spring-jee-3.2.xsd, http://www.springframework.org/schema/context/spring-context-3.0.xsd=org/springframework/context/config/spring-context-3.0.xsd, http://www.springframework.org/schema/jdbc/spring-jdbc-4.0.xsd=org/springframework/jdbc/config/spring-jdbc-4.0.xsd, http://www.springframework.org/schema/mvc/spring-mvc-4.0.xsd=org/springframework/web/servlet/config/spring-mvc-4.0.xsd, http://www.springframework.org/schema/util/spring-util-2.5.xsd=org/springframework/beans/factory/xml/spring-util-2.5.xsd, http://www.springframework.org/schema/util/spring-util-4.3.xsd=org/springframework/beans/factory/xml/spring-util-4.3.xsd, http://www.springframework.org/schema/beans/spring-beans-3.2.xsd=org/springframework/beans/factory/xml/spring-beans-3.2.xsd, http://www.springframework.org/schema/aop/spring-aop-3.1.xsd=org/springframework/aop/config/spring-aop-3.1.xsd, http://www.springframework.org/schema/lang/spring-lang-4.0.xsd=org/springframework/scripting/config/spring-lang-4.0.xsd, http://www.springframework.org/schema/mvc/spring-mvc.xsd=org/springframework/web/servlet/config/spring-mvc-4.3.xsd, http://www.springframework.org/schema/mvc/spring-mvc-3.1.xsd=org/springframework/web/servlet/config/spring-mvc-3.1.xsd, http://www.springframework.org/schema/beans/spring-beans-4.1.xsd=org/springframework/beans/factory/xml/spring-beans-4.1.xsd, http://www.springframework.org/schema/oxm/spring-oxm-4.3.xsd=org/springframework/oxm/config/spring-oxm-4.3.xsd, http://www.springframework.org/schema/tool/spring-tool-4.0.xsd=org/springframework/beans/factory/xml/spring-tool-4.0.xsd, http://www.springframework.org/schema/tx/spring-tx-3.2.xsd=org/springframework/transaction/config/spring-tx-3.2.xsd, http://www.springframework.org/schema/lang/spring-lang-3.1.xsd=org/springframework/scripting/config/spring-lang-3.1.xsd, http://www.springframework.org/schema/cache/spring-cache-3.1.xsd=org/springframework/cache/config/spring-cache-3.1.xsd, http://www.springframework.org/schema/jee/spring-jee-4.0.xsd=org/springframework/ejb/config/spring-jee-4.0.xsd, http://www.springframework.org/schema/jdbc/spring-jdbc-3.0.xsd=org/springframework/jdbc/config/spring-jdbc-3.0.xsd, http://www.springframework.org/schema/task/spring-task-4.1.xsd=org/springframework/scheduling/config/spring-task-4.1.xsd, http://www.springframework.org/schema/jdbc/spring-jdbc.xsd=org/springframework/jdbc/config/spring-jdbc-4.3.xsd, http://www.springframework.org/schema/tool/spring-tool-3.1.xsd=org/springframework/beans/factory/xml/spring-tool-3.1.xsd, http://www.springframework.org/schema/tx/spring-tx-4.1.xsd=org/springframework/transaction/config/spring-tx-4.1.xsd, http://www.springframework.org/schema/cache/spring-cache-4.0.xsd=org/springframework/cache/config/spring-cache-4.0.xsd, http://www.springframework.org/schema/jee/spring-jee-3.1.xsd=org/springframework/ejb/config/spring-jee-3.1.xsd, http://www.springframework.org/schema/task/spring-task-3.2.xsd=org/springframework/scheduling/config/spring-task-3.2.xsd, http://www.springframework.org/schema/util/spring-util-4.2.xsd=org/springframework/beans/factory/xml/spring-util-4.2.xsd, http://www.springframework.org/schema/beans/spring-beans-3.1.xsd=org/springframework/beans/factory/xml/spring-beans-3.1.xsd, http://www.springframework.org/schema/websocket/spring-websocket-4.3.xsd=org/springframework/web/socket/config/spring-websocket-4.3.xsd, http://www.springframework.org/schema/util/spring-util.xsd=org/springframework/beans/factory/xml/spring-util-4.3.xsd, http://www.springframework.org/schema/aop/spring-aop-3.0.xsd=org/springframework/aop/config/spring-aop-3.0.xsd, http://www.springframework.org/schema/mvc/spring-mvc-3.0.xsd=org/springframework/web/servlet/config/spring-mvc-3.0.xsd, http://www.springframework.org/schema/beans/spring-beans-4.0.xsd=org/springframework/beans/factory/xml/spring-beans-4.0.xsd, http://www.springframework.org/schema/oxm/spring-oxm-4.2.xsd=org/springframework/oxm/config/spring-oxm-4.2.xsd, http://www.springframework.org/schema/beans/spring-beans.xsd=org/springframework/beans/factory/xml/spring-beans-4.3.xsd, http://mybatis.org/schema/mybatis-spring.xsd=org/mybatis/spring/config/mybatis-spring-1.2.xsd, http://www.springframework.org/schema/tx/spring-tx-3.1.xsd=org/springframework/transaction/config/spring-tx-3.1.xsd, http://www.springframework.org/schema/lang/spring-lang-3.0.xsd=org/springframework/scripting/config/spring-lang-3.0.xsd, http://www.springframework.org/schema/context/spring-context-2.5.xsd=org/springframework/context/config/spring-context-2.5.xsd, http://www.springframework.org/schema/context/spring-context-4.3.xsd=org/springframework/context/config/spring-context-4.3.xsd, http://www.springframework.org/schema/task/spring-task-4.0.xsd=org/springframework/scheduling/config/spring-task-4.0.xsd, http://www.springframework.org/schema/tool/spring-tool-3.0.xsd=org/springframework/beans/factory/xml/spring-tool-3.0.xsd, http://www.springframework.org/schema/tx/spring-tx-4.0.xsd=org/springframework/transaction/config/spring-tx-4.0.xsd, http://www.springframework.org/schema/aop/spring-aop-2.0.xsd=org/springframework/aop/config/spring-aop-2.0.xsd, http://www.springframework.org/schema/jee/spring-jee-3.0.xsd=org/springframework/ejb/config/spring-jee-3.0.xsd, http://www.springframework.org/schema/util/spring-util-4.1.xsd=org/springframework/beans/factory/xml/spring-util-4.1.xsd, http://www.springframework.org/schema/task/spring-task-3.1.xsd=org/springframework/scheduling/config/spring-task-3.1.xsd, http://www.springframework.org/schema/beans/spring-beans-3.0.xsd=org/springframework/beans/factory/xml/spring-beans-3.0.xsd, http://www.springframework.org/schema/websocket/spring-websocket-4.2.xsd=org/springframework/web/socket/config/spring-websocket-4.2.xsd, http://www.springframework.org/schema/websocket/spring-websocket.xsd=org/springframework/web/socket/config/spring-websocket-4.3.xsd, http://www.springframework.org/schema/jee/spring-jee.xsd=org/springframework/ejb/config/spring-jee-4.3.xsd, http://www.springframework.org/schema/aop/spring-aop-4.3.xsd=org/springframework/aop/config/spring-aop-4.3.xsd, http://www.springframework.org/schema/aop/spring-aop-2.5.xsd=org/springframework/aop/config/spring-aop-2.5.xsd, http://www.springframework.org/schema/lang/spring-lang-2.0.xsd=org/springframework/scripting/config/spring-lang-2.0.xsd, http://www.springframework.org/schema/jdbc/spring-jdbc-4.3.xsd=org/springframework/jdbc/config/spring-jdbc-4.3.xsd, http://www.springframework.org/schema/oxm/spring-oxm.xsd=org/springframework/oxm/config/spring-oxm-4.3.xsd, http://www.springframework.org/schema/mvc/spring-mvc-4.3.xsd=org/springframework/web/servlet/config/spring-mvc-4.3.xsd, http://www.springframework.org/schema/util/spring-util-3.2.xsd=org/springframework/beans/factory/xml/spring-util-3.2.xsd, http://www.springframework.org/schema/oxm/spring-oxm-4.1.xsd=org/springframework/oxm/config/spring-oxm-4.1.xsd, http://www.springframework.org/schema/task/spring-task.xsd=org/springframework/scheduling/config/spring-task-4.3.xsd, http://www.springframework.org/schema/tool/spring-tool-2.0.xsd=org/springframework/beans/factory/xml/spring-tool-2.0.xsd, http://www.springframework.org/schema/tx/spring-tx-3.0.xsd=org/springframework/transaction/config/spring-tx-3.0.xsd, http://www.springframework.org/schema/lang/spring-lang-2.5.xsd=org/springframework/scripting/config/spring-lang-2.5.xsd, http://www.springframework.org/schema/lang/spring-lang-4.3.xsd=org/springframework/scripting/config/spring-lang-4.3.xsd, http://www.springframework.org/schema/context/spring-context-4.2.xsd=org/springframework/context/config/spring-context-4.2.xsd, http://www.springframework.org/schema/jee/spring-jee-2.0.xsd=org/springframework/ejb/config/spring-jee-2.0.xsd, http://www.springframework.org/schema/oxm/spring-oxm-3.2.xsd=org/springframework/oxm/config/spring-oxm-3.2.xsd, http://www.springframework.org/schema/tool/spring-tool-4.3.xsd=org/springframework/beans/factory/xml/spring-tool-4.3.xsd, http://www.springframework.org/schema/tool/spring-tool-2.5.xsd=org/springframework/beans/factory/xml/spring-tool-2.5.xsd, http://www.springframework.org/schema/jee/spring-jee-4.3.xsd=org/springframework/ejb/config/spring-jee-4.3.xsd, http://www.springframework.org/schema/jee/spring-jee-2.5.xsd=org/springframework/ejb/config/spring-jee-2.5.xsd, http://www.springframework.org/schema/util/spring-util-4.0.xsd=org/springframework/beans/factory/xml/spring-util-4.0.xsd, http://www.springframework.org/schema/task/spring-task-3.0.xsd=org/springframework/scheduling/config/spring-task-3.0.xsd, http://www.springframework.org/schema/websocket/spring-websocket-4.1.xsd=org/springframework/web/socket/config/spring-websocket-4.1.xsd, http://www.springframework.org/schema/cache/spring-cache-4.3.xsd=org/springframework/cache/config/spring-cache-4.3.xsd, http://www.springframework.org/schema/aop/spring-aop-4.2.xsd=org/springframework/aop/config/spring-aop-4.2.xsd, http://www.springframework.org/schema/lang/spring-lang.xsd=org/springframework/scripting/config/spring-lang-4.3.xsd, http://www.springframework.org/schema/context/spring-context-3.2.xsd=org/springframework/context/config/spring-context-3.2.xsd, http://www.springframework.org/schema/jdbc/spring-jdbc-4.2.xsd=org/springframework/jdbc/config/spring-jdbc-4.2.xsd, http://www.springframework.org/schema/mvc/spring-mvc-4.2.xsd=org/springframework/web/servlet/config/spring-mvc-4.2.xsd, http://www.springframework.org/schema/util/spring-util-3.1.xsd=org/springframework/beans/factory/xml/spring-util-3.1.xsd, http://www.springframework.org/schema/beans/spring-beans-2.0.xsd=org/springframework/beans/factory/xml/spring-beans-2.0.xsd, http://www.springframework.org/schema/oxm/spring-oxm-4.0.xsd=org/springframework/oxm/config/spring-oxm-4.0.xsd, http://www.springframework.org/schema/cache/spring-cache.xsd=org/springframework/cache/config/spring-cache-4.3.xsd, http://www.springframework.org/schema/tx/spring-tx.xsd=org/springframework/transaction/config/spring-tx-4.3.xsd, http://www.springframework.org/schema/lang/spring-lang-4.2.xsd=org/springframework/scripting/config/spring-lang-4.2.xsd, http://www.springframework.org/schema/context/spring-context-4.1.xsd=org/springframework/context/config/spring-context-4.1.xsd, http://www.springframework.org/schema/beans/spring-beans-2.5.xsd=org/springframework/beans/factory/xml/spring-beans-2.5.xsd, http://www.springframework.org/schema/beans/spring-beans-4.3.xsd=org/springframework/beans/factory/xml/spring-beans-4.3.xsd, http://www.springframework.org/schema/oxm/spring-oxm-3.1.xsd=org/springframework/oxm/config/spring-oxm-3.1.xsd, http://www.springframework.org/schema/tool/spring-tool-4.2.xsd=org/springframework/beans/factory/xml/spring-tool-4.2.xsd, http://www.springframework.org/schema/tx/spring-tx-2.0.xsd=org/springframework/transaction/config/spring-tx-2.0.xsd, http://www.springframework.org/schema/jee/spring-jee-4.2.xsd=org/springframework/ejb/config/spring-jee-4.2.xsd, http://www.springframework.org/schema/jdbc/spring-jdbc-3.2.xsd=org/springframework/jdbc/config/spring-jdbc-3.2.xsd, http://www.springframework.org/schema/aop/spring-aop.xsd=org/springframework/aop/config/spring-aop-4.3.xsd, http://www.springframework.org/schema/task/spring-task-4.3.xsd=org/springframework/scheduling/config/spring-task-4.3.xsd, http://www.springframework.org/schema/websocket/spring-websocket-4.0.xsd=org/springframework/web/socket/config/spring-websocket-4.0.xsd}
DEBUG - Found XML schema [http://www.springframework.org/schema/beans/spring-beans.xsd] in classpath: org/springframework/beans/factory/xml/spring-beans-4.3.xsd
DEBUG - Found XML schema [http://mybatis.org/schema/mybatis-spring.xsd] in classpath: org/mybatis/spring/config/mybatis-spring-1.2.xsd
DEBUG - Found XML schema [http://www.springframework.org/schema/context/spring-context.xsd] in classpath: org/springframework/context/config/spring-context-4.3.xsd
DEBUG - Found XML schema [http://www.springframework.org/schema/tool/spring-tool-4.3.xsd] in classpath: org/springframework/beans/factory/xml/spring-tool-4.3.xsd
DEBUG - Found XML schema [http://www.springframework.org/schema/tx/spring-tx.xsd] in classpath: org/springframework/transaction/config/spring-tx-4.3.xsd
DEBUG - Loading bean definitions
DEBUG - Loaded NamespaceHandler mappings: {http://www.springframework.org/schema/p=org.springframework.beans.factory.xml.SimplePropertyNamespaceHandler, http://www.springframework.org/schema/mvc=org.springframework.web.servlet.config.MvcNamespaceHandler, http://www.springframework.org/schema/util=org.springframework.beans.factory.xml.UtilNamespaceHandler, http://www.springframework.org/schema/jee=org.springframework.ejb.config.JeeNamespaceHandler, http://www.springframework.org/schema/websocket=org.springframework.web.socket.config.WebSocketNamespaceHandler, http://www.springframework.org/schema/aop=org.springframework.aop.config.AopNamespaceHandler, http://www.springframework.org/schema/jdbc=org.springframework.jdbc.config.JdbcNamespaceHandler, http://www.springframework.org/schema/oxm=org.springframework.oxm.config.OxmNamespaceHandler, http://www.springframework.org/schema/cache=org.springframework.cache.config.CacheNamespaceHandler, http://mybatis.org/schema/mybatis-spring=org.mybatis.spring.config.NamespaceHandler, http://www.springframework.org/schema/c=org.springframework.beans.factory.xml.SimpleConstructorNamespaceHandler, http://www.springframework.org/schema/tx=org.springframework.transaction.config.TxNamespaceHandler, http://www.springframework.org/schema/task=org.springframework.scheduling.config.TaskNamespaceHandler, http://www.springframework.org/schema/lang=org.springframework.scripting.config.LangNamespaceHandler, http://www.springframework.org/schema/context=org.springframework.context.config.ContextNamespaceHandler}
DEBUG - Resolved classpath location [com/sise/dao/] to resources [URL [file:/D:/IntelliJ%20IDEA/IdeaProjects/decorationsystem/target/classes/com/sise/dao/]]
DEBUG - Looking for matching resources in directory tree [D:\IntelliJ IDEA\IdeaProjects\decorationsystem\target\classes\com\sise\dao]
DEBUG - Searching directory [D:\IntelliJ IDEA\IdeaProjects\decorationsystem\target\classes\com\sise\dao] for files matching pattern [D:/IntelliJ IDEA/IdeaProjects/decorationsystem/target/classes/com/sise/dao/**/*.class]
DEBUG - Resolved location pattern [classpath*:com/sise/dao/**/*.class] to resources [file [D:\IntelliJ IDEA\IdeaProjects\decorationsystem\target\classes\com\sise\dao\AppointmentDao.class], file [D:\IntelliJ IDEA\IdeaProjects\decorationsystem\target\classes\com\sise\dao\AreaTypeDao.class], file [D:\IntelliJ IDEA\IdeaProjects\decorationsystem\target\classes\com\sise\dao\CancelTableDao.class], file [D:\IntelliJ IDEA\IdeaProjects\decorationsystem\target\classes\com\sise\dao\ConsumerDao.class], file [D:\IntelliJ IDEA\IdeaProjects\decorationsystem\target\classes\com\sise\dao\ContractDao.class], file [D:\IntelliJ IDEA\IdeaProjects\decorationsystem\target\classes\com\sise\dao\DecorationModeDao.class], file [D:\IntelliJ IDEA\IdeaProjects\decorationsystem\target\classes\com\sise\dao\DecorationStyleDao.class], file [D:\IntelliJ IDEA\IdeaProjects\decorationsystem\target\classes\com\sise\dao\DepositDao.class], file [D:\IntelliJ IDEA\IdeaProjects\decorationsystem\target\classes\com\sise\dao\DesignerpicDao.class], file [D:\IntelliJ IDEA\IdeaProjects\decorationsystem\target\classes\com\sise\dao\DesignerShowDao.class], file [D:\IntelliJ IDEA\IdeaProjects\decorationsystem\target\classes\com\sise\dao\EmployeeDao.class], file [D:\IntelliJ IDEA\IdeaProjects\decorationsystem\target\classes\com\sise\dao\GuaranteeDao.class], file [D:\IntelliJ IDEA\IdeaProjects\decorationsystem\target\classes\com\sise\dao\HousepicDao.class], file [D:\IntelliJ IDEA\IdeaProjects\decorationsystem\target\classes\com\sise\dao\HouseTypeDao.class], file [D:\IntelliJ IDEA\IdeaProjects\decorationsystem\target\classes\com\sise\dao\InspectionReportDao.class], file [D:\IntelliJ IDEA\IdeaProjects\decorationsystem\target\classes\com\sise\dao\LoginDao.class], file [D:\IntelliJ IDEA\IdeaProjects\decorationsystem\target\classes\com\sise\dao\MaterialClazzDao.class], file [D:\IntelliJ IDEA\IdeaProjects\decorationsystem\target\classes\com\sise\dao\MaterialDao.class], file [D:\IntelliJ IDEA\IdeaProjects\decorationsystem\target\classes\com\sise\dao\MaterialOfferDao.class], file [D:\IntelliJ IDEA\IdeaProjects\decorationsystem\target\classes\com\sise\dao\MaterialSmallclazzDao.class], file [D:\IntelliJ IDEA\IdeaProjects\decorationsystem\target\classes\com\sise\dao\ProjectTimeDao.class], file [D:\IntelliJ IDEA\IdeaProjects\decorationsystem\target\classes\com\sise\dao\RegistrationTableDao.class], file [D:\IntelliJ IDEA\IdeaProjects\decorationsystem\target\classes\com\sise\dao\TrackingInfoDao.class]]
DEBUG - Identified candidate component class: file [D:\IntelliJ IDEA\IdeaProjects\decorationsystem\target\classes\com\sise\dao\AppointmentDao.class]
DEBUG - Identified candidate component class: file [D:\IntelliJ IDEA\IdeaProjects\decorationsystem\target\classes\com\sise\dao\AreaTypeDao.class]
DEBUG - Identified candidate component class: file [D:\IntelliJ IDEA\IdeaProjects\decorationsystem\target\classes\com\sise\dao\CancelTableDao.class]
DEBUG - Identified candidate component class: file [D:\IntelliJ IDEA\IdeaProjects\decorationsystem\target\classes\com\sise\dao\ConsumerDao.class]
DEBUG - Identified candidate component class: file [D:\IntelliJ IDEA\IdeaProjects\decorationsystem\target\classes\com\sise\dao\ContractDao.class]
DEBUG - Identified candidate component class: file [D:\IntelliJ IDEA\IdeaProjects\decorationsystem\target\classes\com\sise\dao\DecorationModeDao.class]
DEBUG - Identified candidate component class: file [D:\IntelliJ IDEA\IdeaProjects\decorationsystem\target\classes\com\sise\dao\DecorationStyleDao.class]
DEBUG - Identified candidate component class: file [D:\IntelliJ IDEA\IdeaProjects\decorationsystem\target\classes\com\sise\dao\DepositDao.class]
DEBUG - Identified candidate component class: file [D:\IntelliJ IDEA\IdeaProjects\decorationsystem\target\classes\com\sise\dao\DesignerpicDao.class]
DEBUG - Identified candidate component class: file [D:\IntelliJ IDEA\IdeaProjects\decorationsystem\target\classes\com\sise\dao\DesignerShowDao.class]
DEBUG - Identified candidate component class: file [D:\IntelliJ IDEA\IdeaProjects\decorationsystem\target\classes\com\sise\dao\EmployeeDao.class]
DEBUG - Identified candidate component class: file [D:\IntelliJ IDEA\IdeaProjects\decorationsystem\target\classes\com\sise\dao\GuaranteeDao.class]
DEBUG - Identified candidate component class: file [D:\IntelliJ IDEA\IdeaProjects\decorationsystem\target\classes\com\sise\dao\HousepicDao.class]
DEBUG - Identified candidate component class: file [D:\IntelliJ IDEA\IdeaProjects\decorationsystem\target\classes\com\sise\dao\HouseTypeDao.class]
DEBUG - Identified candidate component class: file [D:\IntelliJ IDEA\IdeaProjects\decorationsystem\target\classes\com\sise\dao\InspectionReportDao.class]
DEBUG - Identified candidate component class: file [D:\IntelliJ IDEA\IdeaProjects\decorationsystem\target\classes\com\sise\dao\LoginDao.class]
DEBUG - Identified candidate component class: file [D:\IntelliJ IDEA\IdeaProjects\decorationsystem\target\classes\com\sise\dao\MaterialClazzDao.class]
DEBUG - Identified candidate component class: file [D:\IntelliJ IDEA\IdeaProjects\decorationsystem\target\classes\com\sise\dao\MaterialDao.class]
DEBUG - Identified candidate component class: file [D:\IntelliJ IDEA\IdeaProjects\decorationsystem\target\classes\com\sise\dao\MaterialOfferDao.class]
DEBUG - Identified candidate component class: file [D:\IntelliJ IDEA\IdeaProjects\decorationsystem\target\classes\com\sise\dao\MaterialSmallclazzDao.class]
DEBUG - Identified candidate component class: file [D:\IntelliJ IDEA\IdeaProjects\decorationsystem\target\classes\com\sise\dao\ProjectTimeDao.class]
DEBUG - Identified candidate component class: file [D:\IntelliJ IDEA\IdeaProjects\decorationsystem\target\classes\com\sise\dao\RegistrationTableDao.class]
DEBUG - Identified candidate component class: file [D:\IntelliJ IDEA\IdeaProjects\decorationsystem\target\classes\com\sise\dao\TrackingInfoDao.class]
DEBUG - Creating MapperFactoryBean with name &apos;appointmentDao&apos; and &apos;com.sise.dao.AppointmentDao&apos; mapperInterface
DEBUG - Enabling autowire by type for MapperFactoryBean with name &apos;appointmentDao&apos;.
DEBUG - Creating MapperFactoryBean with name &apos;areaTypeDao&apos; and &apos;com.sise.dao.AreaTypeDao&apos; mapperInterface
DEBUG - Enabling autowire by type for MapperFactoryBean with name &apos;areaTypeDao&apos;.
DEBUG - Creating MapperFactoryBean with name &apos;cancelTableDao&apos; and &apos;com.sise.dao.CancelTableDao&apos; mapperInterface
DEBUG - Enabling autowire by type for MapperFactoryBean with name &apos;cancelTableDao&apos;.
DEBUG - Creating MapperFactoryBean with name &apos;consumerDao&apos; and &apos;com.sise.dao.ConsumerDao&apos; mapperInterface
DEBUG - Enabling autowire by type for MapperFactoryBean with name &apos;consumerDao&apos;.
DEBUG - Creating MapperFactoryBean with name &apos;contractDao&apos; and &apos;com.sise.dao.ContractDao&apos; mapperInterface
DEBUG - Enabling autowire by type for MapperFactoryBean with name &apos;contractDao&apos;.
DEBUG - Creating MapperFactoryBean with name &apos;decorationModeDao&apos; and &apos;com.sise.dao.DecorationModeDao&apos; mapperInterface
DEBUG - Enabling autowire by type for MapperFactoryBean with name &apos;decorationModeDao&apos;.
DEBUG - Creating MapperFactoryBean with name &apos;decorationStyleDao&apos; and &apos;com.sise.dao.DecorationStyleDao&apos; mapperInterface
DEBUG - Enabling autowire by type for MapperFactoryBean with name &apos;decorationStyleDao&apos;.
DEBUG - Creating MapperFactoryBean with name &apos;depositDao&apos; and &apos;com.sise.dao.DepositDao&apos; mapperInterface
DEBUG - Enabling autowire by type for MapperFactoryBean with name &apos;depositDao&apos;.
DEBUG - Creating MapperFactoryBean with name &apos;designerpicDao&apos; and &apos;com.sise.dao.DesignerpicDao&apos; mapperInterface
DEBUG - Enabling autowire by type for MapperFactoryBean with name &apos;designerpicDao&apos;.
DEBUG - Creating MapperFactoryBean with name &apos;designerShowDao&apos; and &apos;com.sise.dao.DesignerShowDao&apos; mapperInterface
DEBUG - Enabling autowire by type for MapperFactoryBean with name &apos;designerShowDao&apos;.
DEBUG - Creating MapperFactoryBean with name &apos;employeeDao&apos; and &apos;com.sise.dao.EmployeeDao&apos; mapperInterface
DEBUG - Enabling autowire by type for MapperFactoryBean with name &apos;employeeDao&apos;.
DEBUG - Creating MapperFactoryBean with name &apos;guaranteeDao&apos; and &apos;com.sise.dao.GuaranteeDao&apos; mapperInterface
DEBUG - Enabling autowire by type for MapperFactoryBean with name &apos;guaranteeDao&apos;.
DEBUG - Creating MapperFactoryBean with name &apos;housepicDao&apos; and &apos;com.sise.dao.HousepicDao&apos; mapperInterface
DEBUG - Enabling autowire by type for MapperFactoryBean with name &apos;housepicDao&apos;.
DEBUG - Creating MapperFactoryBean with name &apos;houseTypeDao&apos; and &apos;com.sise.dao.HouseTypeDao&apos; mapperInterface
DEBUG - Enabling autowire by type for MapperFactoryBean with name &apos;houseTypeDao&apos;.
DEBUG - Creating MapperFactoryBean with name &apos;inspectionReportDao&apos; and &apos;com.sise.dao.InspectionReportDao&apos; mapperInterface
DEBUG - Enabling autowire by type for MapperFactoryBean with name &apos;inspectionReportDao&apos;.
DEBUG - Creating MapperFactoryBean with name &apos;loginDao&apos; and &apos;com.sise.dao.LoginDao&apos; mapperInterface
DEBUG - Enabling autowire by type for MapperFactoryBean with name &apos;loginDao&apos;.
DEBUG - Creating MapperFactoryBean with name &apos;materialClazzDao&apos; and &apos;com.sise.dao.MaterialClazzDao&apos; mapperInterface
DEBUG - Enabling autowire by type for MapperFactoryBean with name &apos;materialClazzDao&apos;.
DEBUG - Creating MapperFactoryBean with name &apos;materialDao&apos; and &apos;com.sise.dao.MaterialDao&apos; mapperInterface
DEBUG - Enabling autowire by type for MapperFactoryBean with name &apos;materialDao&apos;.
DEBUG - Creating MapperFactoryBean with name &apos;materialOfferDao&apos; and &apos;com.sise.dao.MaterialOfferDao&apos; mapperInterface
DEBUG - Enabling autowire by type for MapperFactoryBean with name &apos;materialOfferDao&apos;.
DEBUG - Creating MapperFactoryBean with name &apos;materialSmallclazzDao&apos; and &apos;com.sise.dao.MaterialSmallclazzDao&apos; mapperInterface
DEBUG - Enabling autowire by type for MapperFactoryBean with name &apos;materialSmallclazzDao&apos;.
DEBUG - Creating MapperFactoryBean with name &apos;projectTimeDao&apos; and &apos;com.sise.dao.ProjectTimeDao&apos; mapperInterface
DEBUG - Enabling autowire by type for MapperFactoryBean with name &apos;projectTimeDao&apos;.
DEBUG - Creating MapperFactoryBean with name &apos;registrationTableDao&apos; and &apos;com.sise.dao.RegistrationTableDao&apos; mapperInterface
DEBUG - Enabling autowire by type for MapperFactoryBean with name &apos;registrationTableDao&apos;.
DEBUG - Creating MapperFactoryBean with name &apos;trackingInfoDao&apos; and &apos;com.sise.dao.TrackingInfoDao&apos; mapperInterface
DEBUG - Enabling autowire by type for MapperFactoryBean with name &apos;trackingInfoDao&apos;.
DEBUG - JSR-250 &apos;javax.annotation.ManagedBean&apos; found and supported for component scanning
DEBUG - JSR-330 &apos;javax.inject.Named&apos; annotation found and supported for component scanning
DEBUG - Resolved classpath location [com/sise/] to resources [URL [file:/D:/IntelliJ%20IDEA/IdeaProjects/decorationsystem/target/classes/com/sise/]]
DEBUG - Looking for matching resources in directory tree [D:\IntelliJ IDEA\IdeaProjects\decorationsystem\target\classes\com\sise]
DEBUG - Searching directory [D:\IntelliJ IDEA\IdeaProjects\decorationsystem\target\classes\com\sise] for files matching pattern [D:/IntelliJ IDEA/IdeaProjects/decorationsystem/target/classes/com/sise/**/*.class]
DEBUG - Searching directory [D:\IntelliJ IDEA\IdeaProjects\decorationsystem\target\classes\com\sise\controller] for files matching pattern [D:/IntelliJ IDEA/IdeaProjects/decorationsystem/target/classes/com/sise/**/*.class]
DEBUG - Searching directory [D:\IntelliJ IDEA\IdeaProjects\decorationsystem\target\classes\com\sise\dao] for files matching pattern [D:/IntelliJ IDEA/IdeaProjects/decorationsystem/target/classes/com/sise/**/*.class]
DEBUG - Searching directory [D:\IntelliJ IDEA\IdeaProjects\decorationsystem\target\classes\com\sise\interceptor] for files matching pattern [D:/IntelliJ IDEA/IdeaProjects/decorationsystem/target/classes/com/sise/**/*.class]
DEBUG - Searching directory [D:\IntelliJ IDEA\IdeaProjects\decorationsystem\target\classes\com\sise\po] for files matching pattern [D:/IntelliJ IDEA/IdeaProjects/decorationsystem/target/classes/com/sise/**/*.class]
DEBUG - Searching directory [D:\IntelliJ IDEA\IdeaProjects\decorationsystem\target\classes\com\sise\service] for files matching pattern [D:/IntelliJ IDEA/IdeaProjects/decorationsystem/target/classes/com/sise/**/*.class]
DEBUG - Searching directory [D:\IntelliJ IDEA\IdeaProjects\decorationsystem\target\classes\com\sise\service\serviceimpl] for files matching pattern [D:/IntelliJ IDEA/IdeaProjects/decorationsystem/target/classes/com/sise/**/*.class]
DEBUG - Searching directory [D:\IntelliJ IDEA\IdeaProjects\decorationsystem\target\classes\com\sise\util] for files matching pattern [D:/IntelliJ IDEA/IdeaProjects/decorationsystem/target/classes/com/sise/**/*.class]
DEBUG - Searching directory [D:\IntelliJ IDEA\IdeaProjects\decorationsystem\target\classes\com\sise\webSocket] for files matching pattern [D:/IntelliJ IDEA/IdeaProjects/decorationsystem/target/classes/com/sise/**/*.class]
DEBUG - Resolved location pattern [classpath*:com/sise/**/*.class] to resources [file [D:\IntelliJ IDEA\IdeaProjects\decorationsystem\target\classes\com\sise\controller\AdminController.class], file [D:\IntelliJ IDEA\IdeaProjects\decorationsystem\target\classes\com\sise\controller\Common_ContractController.class], file [D:\IntelliJ IDEA\IdeaProjects\decorationsystem\target\classes\com\sise\controller\Common_DepositController.class], file [D:\IntelliJ IDEA\IdeaProjects\decorationsystem\target\classes\com\sise\controller\Common_FlyController.class], file [D:\IntelliJ IDEA\IdeaProjects\decorationsystem\target\classes\com\sise\controller\Common_IntentController.class], file [D:\IntelliJ IDEA\IdeaProjects\decorationsystem\target\classes\com\sise\controller\Common_OverController.class], file [D:\IntelliJ IDEA\IdeaProjects\decorationsystem\target\classes\com\sise\controller\CommonController.class], file [D:\IntelliJ IDEA\IdeaProjects\decorationsystem\target\classes\com\sise\controller\DesignerController.class], file [D:\IntelliJ IDEA\IdeaProjects\decorationsystem\target\classes\com\sise\controller\EmployeeController.class], file [D:\IntelliJ IDEA\IdeaProjects\decorationsystem\target\classes\com\sise\controller\IndexController.class], file [D:\IntelliJ IDEA\IdeaProjects\decorationsystem\target\classes\com\sise\controller\LoginController.class], file [D:\IntelliJ IDEA\IdeaProjects\decorationsystem\target\classes\com\sise\controller\MaterialClazzController.class], file [D:\IntelliJ IDEA\IdeaProjects\decorationsystem\target\classes\com\sise\controller\MaterialController.class], file [D:\IntelliJ IDEA\IdeaProjects\decorationsystem\target\classes\com\sise\controller\MaterialOfferController.class], file [D:\IntelliJ IDEA\IdeaProjects\decorationsystem\target\classes\com\sise\controller\PictureController.class], file [D:\IntelliJ IDEA\IdeaProjects\decorationsystem\target\classes\com\sise\controller\Project_managerController.class], file [D:\IntelliJ IDEA\IdeaProjects\decorationsystem\target\classes\com\sise\controller\WebSocketController.class], file [D:\IntelliJ IDEA\IdeaProjects\decorationsystem\target\classes\com\sise\dao\AppointmentDao.class], file [D:\IntelliJ IDEA\IdeaProjects\decorationsystem\target\classes\com\sise\dao\AreaTypeDao.class], file [D:\IntelliJ IDEA\IdeaProjects\decorationsystem\target\classes\com\sise\dao\CancelTableDao.class], file [D:\IntelliJ IDEA\IdeaProjects\decorationsystem\target\classes\com\sise\dao\ConsumerDao.class], file [D:\IntelliJ IDEA\IdeaProjects\decorationsystem\target\classes\com\sise\dao\ContractDao.class], file [D:\IntelliJ IDEA\IdeaProjects\decorationsystem\target\classes\com\sise\dao\DecorationModeDao.class], file [D:\IntelliJ IDEA\IdeaProjects\decorationsystem\target\classes\com\sise\dao\DecorationStyleDao.class], file [D:\IntelliJ IDEA\IdeaProjects\decorationsystem\target\classes\com\sise\dao\DepositDao.class], file [D:\IntelliJ IDEA\IdeaProjects\decorationsystem\target\classes\com\sise\dao\DesignerpicDao.class], file [D:\IntelliJ IDEA\IdeaProjects\decorationsystem\target\classes\com\sise\dao\DesignerShowDao.class], file [D:\IntelliJ IDEA\IdeaProjects\decorationsystem\target\classes\com\sise\dao\EmployeeDao.class], file [D:\IntelliJ IDEA\IdeaProjects\decorationsystem\target\classes\com\sise\dao\GuaranteeDao.class], file [D:\IntelliJ IDEA\IdeaProjects\decorationsystem\target\classes\com\sise\dao\HousepicDao.class], file [D:\IntelliJ IDEA\IdeaProjects\decorationsystem\target\classes\com\sise\dao\HouseTypeDao.class], file [D:\IntelliJ IDEA\IdeaProjects\decorationsystem\target\classes\com\sise\dao\InspectionReportDao.class], file [D:\IntelliJ IDEA\IdeaProjects\decorationsystem\target\classes\com\sise\dao\LoginDao.class], file [D:\IntelliJ IDEA\IdeaProjects\decorationsystem\target\classes\com\sise\dao\MaterialClazzDao.class], file [D:\IntelliJ IDEA\IdeaProjects\decorationsystem\target\classes\com\sise\dao\MaterialDao.class], file [D:\IntelliJ IDEA\IdeaProjects\decorationsystem\target\classes\com\sise\dao\MaterialOfferDao.class], file [D:\IntelliJ IDEA\IdeaProjects\decorationsystem\target\classes\com\sise\dao\MaterialSmallclazzDao.class], file [D:\IntelliJ IDEA\IdeaProjects\decorationsystem\target\classes\com\sise\dao\ProjectTimeDao.class], file [D:\IntelliJ IDEA\IdeaProjects\decorationsystem\target\classes\com\sise\dao\RegistrationTableDao.class], file [D:\IntelliJ IDEA\IdeaProjects\decorationsystem\target\classes\com\sise\dao\TrackingInfoDao.class], file [D:\IntelliJ IDEA\IdeaProjects\decorationsystem\target\classes\com\sise\interceptor\AutorizationInterceptor.class], file [D:\IntelliJ IDEA\IdeaProjects\decorationsystem\target\classes\com\sise\po\Appointment.class], file [D:\IntelliJ IDEA\IdeaProjects\decorationsystem\target\classes\com\sise\po\AreaType.class], file [D:\IntelliJ IDEA\IdeaProjects\decorationsystem\target\classes\com\sise\po\CancelTable.class], file [D:\IntelliJ IDEA\IdeaProjects\decorationsystem\target\classes\com\sise\po\City.class], file [D:\IntelliJ IDEA\IdeaProjects\decorationsystem\target\classes\com\sise\po\CollectionShow.class], file [D:\IntelliJ IDEA\IdeaProjects\decorationsystem\target\classes\com\sise\po\Consumer.class], file [D:\IntelliJ IDEA\IdeaProjects\decorationsystem\target\classes\com\sise\po\Contract.class], file [D:\IntelliJ IDEA\IdeaProjects\decorationsystem\target\classes\com\sise\po\ContractFile.class], file [D:\IntelliJ IDEA\IdeaProjects\decorationsystem\target\classes\com\sise\po\DecorationMode.class], file [D:\IntelliJ IDEA\IdeaProjects\decorationsystem\target\classes\com\sise\po\DecorationStyle.class], file [D:\IntelliJ IDEA\IdeaProjects\decorationsystem\target\classes\com\sise\po\Department.class], file [D:\IntelliJ IDEA\IdeaProjects\decorationsystem\target\classes\com\sise\po\Deposit.class], file [D:\IntelliJ IDEA\IdeaProjects\decorationsystem\target\classes\com\sise\po\Designerpic.class], file [D:\IntelliJ IDEA\IdeaProjects\decorationsystem\target\classes\com\sise\po\DesignerpicFile.class], file [D:\IntelliJ IDEA\IdeaProjects\decorationsystem\target\classes\com\sise\po\DesignerShow.class], file [D:\IntelliJ IDEA\IdeaProjects\decorationsystem\target\classes\com\sise\po\DesignerShowpic.class], file [D:\IntelliJ IDEA\IdeaProjects\decorationsystem\target\classes\com\sise\po\Employee.class], file [D:\IntelliJ IDEA\IdeaProjects\decorationsystem\target\classes\com\sise\po\Guarantee.class], file [D:\IntelliJ IDEA\IdeaProjects\decorationsystem\target\classes\com\sise\po\Housepic.class], file [D:\IntelliJ IDEA\IdeaProjects\decorationsystem\target\classes\com\sise\po\HousepicFile.class], file [D:\IntelliJ IDEA\IdeaProjects\decorationsystem\target\classes\com\sise\po\HouseType.class], file [D:\IntelliJ IDEA\IdeaProjects\decorationsystem\target\classes\com\sise\po\InspectionReport.class], file [D:\IntelliJ IDEA\IdeaProjects\decorationsystem\target\classes\com\sise\po\InspectionReportPic.class], file [D:\IntelliJ IDEA\IdeaProjects\decorationsystem\target\classes\com\sise\po\Job.class], file [D:\IntelliJ IDEA\IdeaProjects\decorationsystem\target\classes\com\sise\po\Material.class], file [D:\IntelliJ IDEA\IdeaProjects\decorationsystem\target\classes\com\sise\po\MaterialClazz.class], file [D:\IntelliJ IDEA\IdeaProjects\decorationsystem\target\classes\com\sise\po\MaterialFile.class], file [D:\IntelliJ IDEA\IdeaProjects\decorationsystem\target\classes\com\sise\po\MaterialOffer.class], file [D:\IntelliJ IDEA\IdeaProjects\decorationsystem\target\classes\com\sise\po\MaterialSmallclazz.class], file [D:\IntelliJ IDEA\IdeaProjects\decorationsystem\target\classes\com\sise\po\Message.class], file [D:\IntelliJ IDEA\IdeaProjects\decorationsystem\target\classes\com\sise\po\MyAuth.class], file [D:\IntelliJ IDEA\IdeaProjects\decorationsystem\target\classes\com\sise\po\Permission.class], file [D:\IntelliJ IDEA\IdeaProjects\decorationsystem\target\classes\com\sise\po\Praise.class], file [D:\IntelliJ IDEA\IdeaProjects\decorationsystem\target\classes\com\sise\po\ProgressContent.class], file [D:\IntelliJ IDEA\IdeaProjects\decorationsystem\target\classes\com\sise\po\ProjectTime.class], file [D:\IntelliJ IDEA\IdeaProjects\decorationsystem\target\classes\com\sise\po\Province.class], file [D:\IntelliJ IDEA\IdeaProjects\decorationsystem\target\classes\com\sise\po\RegistrationTable.class], file [D:\IntelliJ IDEA\IdeaProjects\decorationsystem\target\classes\com\sise\po\SearchContent.class], file [D:\IntelliJ IDEA\IdeaProjects\decorationsystem\target\classes\com\sise\po\SearchContract.class], file [D:\IntelliJ IDEA\IdeaProjects\decorationsystem\target\classes\com\sise\po\SearchDesignerpic.class], file [D:\IntelliJ IDEA\IdeaProjects\decorationsystem\target\classes\com\sise\po\SearchDesignerShow.class], file [D:\IntelliJ IDEA\IdeaProjects\decorationsystem\target\classes\com\sise\po\SearchHousepic.class], file [D:\IntelliJ IDEA\IdeaProjects\decorationsystem\target\classes\com\sise\po\SearchMaterial.class], file [D:\IntelliJ IDEA\IdeaProjects\decorationsystem\target\classes\com\sise\po\TrackingInfo.class], file [D:\IntelliJ IDEA\IdeaProjects\decorationsystem\target\classes\com\sise\service\AppointmentService.class], file [D:\IntelliJ IDEA\IdeaProjects\decorationsystem\target\classes\com\sise\service\AreaTypeService.class], file [D:\IntelliJ IDEA\IdeaProjects\decorationsystem\target\classes\com\sise\service\CancelTableService.class], file [D:\IntelliJ IDEA\IdeaProjects\decorationsystem\target\classes\com\sise\service\ConsumerService.class], file [D:\IntelliJ IDEA\IdeaProjects\decorationsystem\target\classes\com\sise\service\ContractService.class], file [D:\IntelliJ IDEA\IdeaProjects\decorationsystem\target\classes\com\sise\service\DecorationModeService.class], file [D:\IntelliJ IDEA\IdeaProjects\decorationsystem\target\classes\com\sise\service\DecorationStyleService.class], file [D:\IntelliJ IDEA\IdeaProjects\decorationsystem\target\classes\com\sise\service\DepositService.class], file [D:\IntelliJ IDEA\IdeaProjects\decorationsystem\target\classes\com\sise\service\DesignerpicService.class], file [D:\IntelliJ IDEA\IdeaProjects\decorationsystem\target\classes\com\sise\service\DesignerShowService.class], file [D:\IntelliJ IDEA\IdeaProjects\decorationsystem\target\classes\com\sise\service\EmployeeService.class], file [D:\IntelliJ IDEA\IdeaProjects\decorationsystem\target\classes\com\sise\service\GuaranteeService.class], file [D:\IntelliJ IDEA\IdeaProjects\decorationsystem\target\classes\com\sise\service\HousepicService.class], file [D:\IntelliJ IDEA\IdeaProjects\decorationsystem\target\classes\com\sise\service\HouseTypeService.class], file [D:\IntelliJ IDEA\IdeaProjects\decorationsystem\target\classes\com\sise\service\InspectionReportService.class], file [D:\IntelliJ IDEA\IdeaProjects\decorationsystem\target\classes\com\sise\service\LoginService.class], file [D:\IntelliJ IDEA\IdeaProjects\decorationsystem\target\classes\com\sise\service\MaterialClazzService.class], file [D:\IntelliJ IDEA\IdeaProjects\decorationsystem\target\classes\com\sise\service\MaterialOfferService.class], file [D:\IntelliJ IDEA\IdeaProjects\decorationsystem\target\classes\com\sise\service\MaterialService.class], file [D:\IntelliJ IDEA\IdeaProjects\decorationsystem\target\classes\com\sise\service\MaterialSmallclazzService.class], file [D:\IntelliJ IDEA\IdeaProjects\decorationsystem\target\classes\com\sise\service\ProjectTimeService.class], file [D:\IntelliJ IDEA\IdeaProjects\decorationsystem\target\classes\com\sise\service\RegistrationTableService.class], file [D:\IntelliJ IDEA\IdeaProjects\decorationsystem\target\classes\com\sise\service\serviceimpl\AppointmentServiceImpl.class], file [D:\IntelliJ IDEA\IdeaProjects\decorationsystem\target\classes\com\sise\service\serviceimpl\AreaTypeServiceImpl.class], file [D:\IntelliJ IDEA\IdeaProjects\decorationsystem\target\classes\com\sise\service\serviceimpl\CancelTableServiceImpl.class], file [D:\IntelliJ IDEA\IdeaProjects\decorationsystem\target\classes\com\sise\service\serviceimpl\ConsumerServiceImpl.class], file [D:\IntelliJ IDEA\IdeaProjects\decorationsystem\target\classes\com\sise\service\serviceimpl\ContractServiceImpl.class], file [D:\IntelliJ IDEA\IdeaProjects\decorationsystem\target\classes\com\sise\service\serviceimpl\DecorationModeServiceImpl.class], file [D:\IntelliJ IDEA\IdeaProjects\decorationsystem\target\classes\com\sise\service\serviceimpl\DecorationStyleServiceImpl.class], file [D:\IntelliJ IDEA\IdeaProjects\decorationsystem\target\classes\com\sise\service\serviceimpl\DepositServiceImpl.class], file [D:\IntelliJ IDEA\IdeaProjects\decorationsystem\target\classes\com\sise\service\serviceimpl\DesignerpicServiceImpl.class], file [D:\IntelliJ IDEA\IdeaProjects\decorationsystem\target\classes\com\sise\service\serviceimpl\DesignerShowServiceImpl.class], file [D:\IntelliJ IDEA\IdeaProjects\decorationsystem\target\classes\com\sise\service\serviceimpl\EmployeeServiceImpl.class], file [D:\IntelliJ IDEA\IdeaProjects\decorationsystem\target\classes\com\sise\service\serviceimpl\GuaranteeServiceImpl.class], file [D:\IntelliJ IDEA\IdeaProjects\decorationsystem\target\classes\com\sise\service\serviceimpl\HousepicServiceImpl.class], file [D:\IntelliJ IDEA\IdeaProjects\decorationsystem\target\classes\com\sise\service\serviceimpl\HouseTypeServiceImpl.class], file [D:\IntelliJ IDEA\IdeaProjects\decorationsystem\target\classes\com\sise\service\serviceimpl\InspectionReportServiceImpl.class], file [D:\IntelliJ IDEA\IdeaProjects\decorationsystem\target\classes\com\sise\service\serviceimpl\LoginServiceImpl.class], file [D:\IntelliJ IDEA\IdeaProjects\decorationsystem\target\classes\com\sise\service\serviceimpl\MaterialClazzServiceImpl.class], file [D:\IntelliJ IDEA\IdeaProjects\decorationsystem\target\classes\com\sise\service\serviceimpl\MaterialOfferServiceImpl.class], file [D:\IntelliJ IDEA\IdeaProjects\decorationsystem\target\classes\com\sise\service\serviceimpl\MaterialServiceImpl.class], file [D:\IntelliJ IDEA\IdeaProjects\decorationsystem\target\classes\com\sise\service\serviceimpl\MaterialSmallclazzServiceImpl.class], file [D:\IntelliJ IDEA\IdeaProjects\decorationsystem\target\classes\com\sise\service\serviceimpl\ProjectTimeServiceImpl.class], file [D:\IntelliJ IDEA\IdeaProjects\decorationsystem\target\classes\com\sise\service\serviceimpl\RegistrationTableServiceImpl.class], file [D:\IntelliJ IDEA\IdeaProjects\decorationsystem\target\classes\com\sise\service\serviceimpl\TrackingInfoServiceImpl.class], file [D:\IntelliJ IDEA\IdeaProjects\decorationsystem\target\classes\com\sise\service\TrackingInfoService.class], file [D:\IntelliJ IDEA\IdeaProjects\decorationsystem\target\classes\com\sise\util\MD5Utils.class], file [D:\IntelliJ IDEA\IdeaProjects\decorationsystem\target\classes\com\sise\util\MyAuthUtils.class], file [D:\IntelliJ IDEA\IdeaProjects\decorationsystem\target\classes\com\sise\webSocket\HandshakeInterceptor.class], file [D:\IntelliJ IDEA\IdeaProjects\decorationsystem\target\classes\com\sise\webSocket\MyWebSocketHandler$1.class], file [D:\IntelliJ IDEA\IdeaProjects\decorationsystem\target\classes\com\sise\webSocket\MyWebSocketHandler.class]]
DEBUG - Identified candidate component class: file [D:\IntelliJ IDEA\IdeaProjects\decorationsystem\target\classes\com\sise\controller\Common_ContractController.class]
DEBUG - Identified candidate component class: file [D:\IntelliJ IDEA\IdeaProjects\decorationsystem\target\classes\com\sise\controller\Common_DepositController.class]
DEBUG - Identified candidate component class: file [D:\IntelliJ IDEA\IdeaProjects\decorationsystem\target\classes\com\sise\controller\Common_FlyController.class]
DEBUG - Identified candidate component class: file [D:\IntelliJ IDEA\IdeaProjects\decorationsystem\target\classes\com\sise\controller\Common_IntentController.class]
DEBUG - Identified candidate component class: file [D:\IntelliJ IDEA\IdeaProjects\decorationsystem\target\classes\com\sise\controller\Common_OverController.class]
DEBUG - Identified candidate component class: file [D:\IntelliJ IDEA\IdeaProjects\decorationsystem\target\classes\com\sise\controller\CommonController.class]
DEBUG - Identified candidate component class: file [D:\IntelliJ IDEA\IdeaProjects\decorationsystem\target\classes\com\sise\controller\DesignerController.class]
DEBUG - Identified candidate component class: file [D:\IntelliJ IDEA\IdeaProjects\decorationsystem\target\classes\com\sise\controller\EmployeeController.class]
DEBUG - Identified candidate component class: file [D:\IntelliJ IDEA\IdeaProjects\decorationsystem\target\classes\com\sise\controller\IndexController.class]
DEBUG - Identified candidate component class: file [D:\IntelliJ IDEA\IdeaProjects\decorationsystem\target\classes\com\sise\controller\LoginController.class]
DEBUG - Identified candidate component class: file [D:\IntelliJ IDEA\IdeaProjects\decorationsystem\target\classes\com\sise\controller\MaterialClazzController.class]
DEBUG - Identified candidate component class: file [D:\IntelliJ IDEA\IdeaProjects\decorationsystem\target\classes\com\sise\controller\MaterialController.class]
DEBUG - Identified candidate component class: file [D:\IntelliJ IDEA\IdeaProjects\decorationsystem\target\classes\com\sise\controller\MaterialOfferController.class]
DEBUG - Identified candidate component class: file [D:\IntelliJ IDEA\IdeaProjects\decorationsystem\target\classes\com\sise\controller\PictureController.class]
DEBUG - Identified candidate component class: file [D:\IntelliJ IDEA\IdeaProjects\decorationsystem\target\classes\com\sise\controller\Project_managerController.class]
DEBUG - Identified candidate component class: file [D:\IntelliJ IDEA\IdeaProjects\decorationsystem\target\classes\com\sise\controller\WebSocketController.class]
DEBUG - Ignored because not a concrete top-level class: file [D:\IntelliJ IDEA\IdeaProjects\decorationsystem\target\classes\com\sise\dao\AppointmentDao.class]
DEBUG - Ignored because not a concrete top-level class: file [D:\IntelliJ IDEA\IdeaProjects\decorationsystem\target\classes\com\sise\dao\AreaTypeDao.class]
DEBUG - Ignored because not a concrete top-level class: file [D:\IntelliJ IDEA\IdeaProjects\decorationsystem\target\classes\com\sise\dao\CancelTableDao.class]
DEBUG - Ignored because not a concrete top-level class: file [D:\IntelliJ IDEA\IdeaProjects\decorationsystem\target\classes\com\sise\dao\ConsumerDao.class]
DEBUG - Ignored because not a concrete top-level class: file [D:\IntelliJ IDEA\IdeaProjects\decorationsystem\target\classes\com\sise\dao\ContractDao.class]
DEBUG - Ignored because not a concrete top-level class: file [D:\IntelliJ IDEA\IdeaProjects\decorationsystem\target\classes\com\sise\dao\DecorationModeDao.class]
DEBUG - Ignored because not a concrete top-level class: file [D:\IntelliJ IDEA\IdeaProjects\decorationsystem\target\classes\com\sise\dao\DecorationStyleDao.class]
DEBUG - Ignored because not a concrete top-level class: file [D:\IntelliJ IDEA\IdeaProjects\decorationsystem\target\classes\com\sise\dao\DepositDao.class]
DEBUG - Ignored because not a concrete top-level class: file [D:\IntelliJ IDEA\IdeaProjects\decorationsystem\target\classes\com\sise\dao\DesignerpicDao.class]
DEBUG - Ignored because not a concrete top-level class: file [D:\IntelliJ IDEA\IdeaProjects\decorationsystem\target\classes\com\sise\dao\DesignerShowDao.class]
DEBUG - Ignored because not a concrete top-level class: file [D:\IntelliJ IDEA\IdeaProjects\decorationsystem\target\classes\com\sise\dao\EmployeeDao.class]
DEBUG - Ignored because not a concrete top-level class: file [D:\IntelliJ IDEA\IdeaProjects\decorationsystem\target\classes\com\sise\dao\GuaranteeDao.class]
DEBUG - Ignored because not a concrete top-level class: file [D:\IntelliJ IDEA\IdeaProjects\decorationsystem\target\classes\com\sise\dao\HousepicDao.class]
DEBUG - Ignored because not a concrete top-level class: file [D:\IntelliJ IDEA\IdeaProjects\decorationsystem\target\classes\com\sise\dao\HouseTypeDao.class]
DEBUG - Ignored because not a concrete top-level class: file [D:\IntelliJ IDEA\IdeaProjects\decorationsystem\target\classes\com\sise\dao\InspectionReportDao.class]
DEBUG - Ignored because not a concrete top-level class: file [D:\IntelliJ IDEA\IdeaProjects\decorationsystem\target\classes\com\sise\dao\LoginDao.class]
DEBUG - Ignored because not a concrete top-level class: file [D:\IntelliJ IDEA\IdeaProjects\decorationsystem\target\classes\com\sise\dao\MaterialClazzDao.class]
DEBUG - Ignored because not a concrete top-level class: file [D:\IntelliJ IDEA\IdeaProjects\decorationsystem\target\classes\com\sise\dao\MaterialDao.class]
DEBUG - Ignored because not a concrete top-level class: file [D:\IntelliJ IDEA\IdeaProjects\decorationsystem\target\classes\com\sise\dao\MaterialOfferDao.class]
DEBUG - Ignored because not a concrete top-level class: file [D:\IntelliJ IDEA\IdeaProjects\decorationsystem\target\classes\com\sise\dao\MaterialSmallclazzDao.class]
DEBUG - Ignored because not a concrete top-level class: file [D:\IntelliJ IDEA\IdeaProjects\decorationsystem\target\classes\com\sise\dao\ProjectTimeDao.class]
DEBUG - Ignored because not a concrete top-level class: file [D:\IntelliJ IDEA\IdeaProjects\decorationsystem\target\classes\com\sise\dao\RegistrationTableDao.class]
DEBUG - Ignored because not a concrete top-level class: file [D:\IntelliJ IDEA\IdeaProjects\decorationsystem\target\classes\com\sise\dao\TrackingInfoDao.class]
DEBUG - Identified candidate component class: file [D:\IntelliJ IDEA\IdeaProjects\decorationsystem\target\classes\com\sise\service\serviceimpl\AppointmentServiceImpl.class]
DEBUG - Identified candidate component class: file [D:\IntelliJ IDEA\IdeaProjects\decorationsystem\target\classes\com\sise\service\serviceimpl\AreaTypeServiceImpl.class]
DEBUG - Identified candidate component class: file [D:\IntelliJ IDEA\IdeaProjects\decorationsystem\target\classes\com\sise\service\serviceimpl\CancelTableServiceImpl.class]
DEBUG - Identified candidate component class: file [D:\IntelliJ IDEA\IdeaProjects\decorationsystem\target\classes\com\sise\service\serviceimpl\ConsumerServiceImpl.class]
DEBUG - Identified candidate component class: file [D:\IntelliJ IDEA\IdeaProjects\decorationsystem\target\classes\com\sise\service\serviceimpl\ContractServiceImpl.class]
DEBUG - Identified candidate component class: file [D:\IntelliJ IDEA\IdeaProjects\decorationsystem\target\classes\com\sise\service\serviceimpl\DecorationModeServiceImpl.class]
DEBUG - Identified candidate component class: file [D:\IntelliJ IDEA\IdeaProjects\decorationsystem\target\classes\com\sise\service\serviceimpl\DecorationStyleServiceImpl.class]
DEBUG - Identified candidate component class: file [D:\IntelliJ IDEA\IdeaProjects\decorationsystem\target\classes\com\sise\service\serviceimpl\DepositServiceImpl.class]
DEBUG - Identified candidate component class: file [D:\IntelliJ IDEA\IdeaProjects\decorationsystem\target\classes\com\sise\service\serviceimpl\DesignerpicServiceImpl.class]
DEBUG - Identified candidate component class: file [D:\IntelliJ IDEA\IdeaProjects\decorationsystem\target\classes\com\sise\service\serviceimpl\DesignerShowServiceImpl.class]
DEBUG - Identified candidate component class: file [D:\IntelliJ IDEA\IdeaProjects\decorationsystem\target\classes\com\sise\service\serviceimpl\EmployeeServiceImpl.class]
DEBUG - Identified candidate component class: file [D:\IntelliJ IDEA\IdeaProjects\decorationsystem\target\classes\com\sise\service\serviceimpl\GuaranteeServiceImpl.class]
DEBUG - Identified candidate component class: file [D:\IntelliJ IDEA\IdeaProjects\decorationsystem\target\classes\com\sise\service\serviceimpl\HousepicServiceImpl.class]
DEBUG - Identified candidate component class: file [D:\IntelliJ IDEA\IdeaProjects\decorationsystem\target\classes\com\sise\service\serviceimpl\HouseTypeServiceImpl.class]
DEBUG - Identified candidate component class: file [D:\IntelliJ IDEA\IdeaProjects\decorationsystem\target\classes\com\sise\service\serviceimpl\InspectionReportServiceImpl.class]
DEBUG - Identified candidate component class: file [D:\IntelliJ IDEA\IdeaProjects\decorationsystem\target\classes\com\sise\service\serviceimpl\LoginServiceImpl.class]
DEBUG - Identified candidate component class: file [D:\IntelliJ IDEA\IdeaProjects\decorationsystem\target\classes\com\sise\service\serviceimpl\MaterialClazzServiceImpl.class]
DEBUG - Identified candidate component class: file [D:\IntelliJ IDEA\IdeaProjects\decorationsystem\target\classes\com\sise\service\serviceimpl\MaterialOfferServiceImpl.class]
DEBUG - Identified candidate component class: file [D:\IntelliJ IDEA\IdeaProjects\decorationsystem\target\classes\com\sise\service\serviceimpl\MaterialServiceImpl.class]
DEBUG - Identified candidate component class: file [D:\IntelliJ IDEA\IdeaProjects\decorationsystem\target\classes\com\sise\service\serviceimpl\MaterialSmallclazzServiceImpl.class]
DEBUG - Identified candidate component class: file [D:\IntelliJ IDEA\IdeaProjects\decorationsystem\target\classes\com\sise\service\serviceimpl\ProjectTimeServiceImpl.class]
DEBUG - Identified candidate component class: file [D:\IntelliJ IDEA\IdeaProjects\decorationsystem\target\classes\com\sise\service\serviceimpl\RegistrationTableServiceImpl.class]
DEBUG - Identified candidate component class: file [D:\IntelliJ IDEA\IdeaProjects\decorationsystem\target\classes\com\sise\service\serviceimpl\TrackingInfoServiceImpl.class]
DEBUG - Identified candidate component class: file [D:\IntelliJ IDEA\IdeaProjects\decorationsystem\target\classes\com\sise\webSocket\MyWebSocketHandler.class]
DEBUG - Neither XML &apos;id&apos; nor &apos;name&apos; specified - using generated bean name [org.mybatis.spring.mapper.MapperScannerConfigurer#0]
DEBUG - Loaded 79 bean definitions from location pattern [classpath:ssm/applicationContext.xml]
INFO - Refreshing org.springframework.context.support.GenericApplicationContext@4d95d2a2: startup date [Sat Jun 30 19:53:05 CST 2018]; root of context hierarchy
DEBUG - Bean factory for org.springframework.context.support.GenericApplicationContext@4d95d2a2: org.springframework.beans.factory.support.DefaultListableBeanFactory@bef2d72: defining beans [appointmentDao,areaTypeDao,cancelTableDao,consumerDao,contractDao,decorationModeDao,decorationStyleDao,depositDao,designerpicDao,designerShowDao,employeeDao,guaranteeDao,housepicDao,houseTypeDao,inspectionReportDao,loginDao,materialClazzDao,materialDao,materialOfferDao,materialSmallclazzDao,projectTimeDao,registrationTableDao,trackingInfoDao,org.springframework.context.annotation.internalConfigurationAnnotationProcessor,org.springframework.context.annotation.internalAutowiredAnnotationProcessor,org.springframework.context.annotation.internalRequiredAnnotationProcessor,org.springframework.context.annotation.internalCommonAnnotationProcessor,org.springframework.context.event.internalEventListenerProcessor,org.springframework.context.event.internalEventListenerFactory,common_ContractController,common_DepositController,common_FlyController,common_IntentController,common_OverController,commonController,designerController,employeeController,indexController,loginController,materialClazzController,materialController,materialOfferController,pictureController,project_managerController,webSocketController,appointmentServiceImpl,areaTypeServiceImpl,cancelTableServiceImpl,consumerServiceImpl,contractServiceImpl,decorationModeServiceImpl,decorationStyleServiceImpl,depositServiceImpl,designerpicServiceImpl,designerShowServiceImpl,employeeServiceImpl,guaranteeServiceImpl,housepicServiceImpl,houseTypeServiceImpl,inspectionReportServiceImpl,loginServiceImpl,materialClazzServiceImpl,materialOfferServiceImpl,materialServiceImpl,materialSmallclazzServiceImpl,projectTimeServiceImpl,registrationTableServiceImpl,trackingInfoServiceImpl,myWebSocketHandler,org.springframework.context.support.PropertySourcesPlaceholderConfigurer#0,dataSource,sqlSessionFactory,org.mybatis.spring.mapper.MapperScannerConfigurer#0,transactionManager,org.springframework.transaction.config.internalTransactionalEventListenerFactory,org.springframework.aop.config.internalAutoProxyCreator,org.springframework.transaction.annotation.AnnotationTransactionAttributeSource#0,org.springframework.transaction.interceptor.TransactionInterceptor#0,org.springframework.transaction.config.internalTransactionAdvisor]; root of factory hierarchy
DEBUG - Creating shared instance of singleton bean &apos;org.springframework.context.annotation.internalConfigurationAnnotationProcessor&apos;
DEBUG - Creating instance of bean &apos;org.springframework.context.annotation.internalConfigurationAnnotationProcessor&apos;
DEBUG - Eagerly caching bean &apos;org.springframework.context.annotation.internalConfigurationAnnotationProcessor&apos; to allow for resolving potential circular references
DEBUG - Finished creating instance of bean &apos;org.springframework.context.annotation.internalConfigurationAnnotationProcessor&apos;
DEBUG - Creating shared instance of singleton bean &apos;org.mybatis.spring.mapper.MapperScannerConfigurer#0&apos;
DEBUG - Creating instance of bean &apos;org.mybatis.spring.mapper.MapperScannerConfigurer#0&apos;
DEBUG - Eagerly caching bean &apos;org.mybatis.spring.mapper.MapperScannerConfigurer#0&apos; to allow for resolving potential circular references
DEBUG - Invoking afterPropertiesSet() on bean with name &apos;org.mybatis.spring.mapper.MapperScannerConfigurer#0&apos;
DEBUG - Finished creating instance of bean &apos;org.mybatis.spring.mapper.MapperScannerConfigurer#0&apos;
DEBUG - Adding [systemProperties] PropertySource with lowest search precedence
DEBUG - Adding [systemEnvironment] PropertySource with lowest search precedence
DEBUG - Initialized StandardEnvironment with PropertySources [systemProperties,systemEnvironment]
DEBUG - Resolved classpath location [com/sise/dao/] to resources [URL [file:/D:/IntelliJ%20IDEA/IdeaProjects/decorationsystem/target/classes/com/sise/dao/]]
DEBUG - Looking for matching resources in directory tree [D:\IntelliJ IDEA\IdeaProjects\decorationsystem\target\classes\com\sise\dao]
DEBUG - Searching directory [D:\IntelliJ IDEA\IdeaProjects\decorationsystem\target\classes\com\sise\dao] for files matching pattern [D:/IntelliJ IDEA/IdeaProjects/decorationsystem/target/classes/com/sise/dao/**/*.class]
DEBUG - Resolved location pattern [classpath*:com/sise/dao/**/*.class] to resources [file [D:\IntelliJ IDEA\IdeaProjects\decorationsystem\target\classes\com\sise\dao\AppointmentDao.class], file [D:\IntelliJ IDEA\IdeaProjects\decorationsystem\target\classes\com\sise\dao\AreaTypeDao.class], file [D:\IntelliJ IDEA\IdeaProjects\decorationsystem\target\classes\com\sise\dao\CancelTableDao.class], file [D:\IntelliJ IDEA\IdeaProjects\decorationsystem\target\classes\com\sise\dao\ConsumerDao.class], file [D:\IntelliJ IDEA\IdeaProjects\decorationsystem\target\classes\com\sise\dao\ContractDao.class], file [D:\IntelliJ IDEA\IdeaProjects\decorationsystem\target\classes\com\sise\dao\DecorationModeDao.class], file [D:\IntelliJ IDEA\IdeaProjects\decorationsystem\target\classes\com\sise\dao\DecorationStyleDao.class], file [D:\IntelliJ IDEA\IdeaProjects\decorationsystem\target\classes\com\sise\dao\DepositDao.class], file [D:\IntelliJ IDEA\IdeaProjects\decorationsystem\target\classes\com\sise\dao\DesignerpicDao.class], file [D:\IntelliJ IDEA\IdeaProjects\decorationsystem\target\classes\com\sise\dao\DesignerShowDao.class], file [D:\IntelliJ IDEA\IdeaProjects\decorationsystem\target\classes\com\sise\dao\EmployeeDao.class], file [D:\IntelliJ IDEA\IdeaProjects\decorationsystem\target\classes\com\sise\dao\GuaranteeDao.class], file [D:\IntelliJ IDEA\IdeaProjects\decorationsystem\target\classes\com\sise\dao\HousepicDao.class], file [D:\IntelliJ IDEA\IdeaProjects\decorationsystem\target\classes\com\sise\dao\HouseTypeDao.class], file [D:\IntelliJ IDEA\IdeaProjects\decorationsystem\target\classes\com\sise\dao\InspectionReportDao.class], file [D:\IntelliJ IDEA\IdeaProjects\decorationsystem\target\classes\com\sise\dao\LoginDao.class], file [D:\IntelliJ IDEA\IdeaProjects\decorationsystem\target\classes\com\sise\dao\MaterialClazzDao.class], file [D:\IntelliJ IDEA\IdeaProjects\decorationsystem\target\classes\com\sise\dao\MaterialDao.class], file [D:\IntelliJ IDEA\IdeaProjects\decorationsystem\target\classes\com\sise\dao\MaterialOfferDao.class], file [D:\IntelliJ IDEA\IdeaProjects\decorationsystem\target\classes\com\sise\dao\MaterialSmallclazzDao.class], file [D:\IntelliJ IDEA\IdeaProjects\decorationsystem\target\classes\com\sise\dao\ProjectTimeDao.class], file [D:\IntelliJ IDEA\IdeaProjects\decorationsystem\target\classes\com\sise\dao\RegistrationTableDao.class], file [D:\IntelliJ IDEA\IdeaProjects\decorationsystem\target\classes\com\sise\dao\TrackingInfoDao.class]]
DEBUG - Identified candidate component class: file [D:\IntelliJ IDEA\IdeaProjects\decorationsystem\target\classes\com\sise\dao\AppointmentDao.class]
DEBUG - Identified candidate component class: file [D:\IntelliJ IDEA\IdeaProjects\decorationsystem\target\classes\com\sise\dao\AreaTypeDao.class]
DEBUG - Identified candidate component class: file [D:\IntelliJ IDEA\IdeaProjects\decorationsystem\target\classes\com\sise\dao\CancelTableDao.class]
DEBUG - Identified candidate component class: file [D:\IntelliJ IDEA\IdeaProjects\decorationsystem\target\classes\com\sise\dao\ConsumerDao.class]
[...]
	at sun.reflect.DelegatingConstructorAccessorImpl.newInstance(DelegatingConstructorAccessorImpl.java:45)
	at java.lang.reflect.Constructor.newInstance(Constructor.java:422)
	at com.mysql.jdbc.Util.handleNewInstance(Util.java:409)
	at com.mysql.jdbc.Util.getInstance(Util.java:384)
	at com.mysql.jdbc.SQLError.createSQLException(SQLError.java:1039)
	at com.mysql.jdbc.MysqlIO.checkErrorPacket(MysqlIO.java:4232)
	at com.mysql.jdbc.MysqlIO.checkErrorPacket(MysqlIO.java:4164)
	at com.mysql.jdbc.MysqlIO.sendCommand(MysqlIO.java:2615)
	at com.mysql.jdbc.MysqlIO.sqlQueryDirect(MysqlIO.java:2776)
	at com.mysql.jdbc.ConnectionImpl.execSQL(ConnectionImpl.java:2838)
	at com.mysql.jdbc.PreparedStatement.executeInternal(PreparedStatement.java:2082)
	at com.mysql.jdbc.PreparedStatement.execute(PreparedStatement.java:1307)
	at com.mchange.v2.c3p0.impl.NewProxyPreparedStatement.execute(NewProxyPreparedStatement.java:67)
	at sun.reflect.NativeMethodAccessorImpl.invoke0(Native Method)
	at sun.reflect.NativeMethodAccessorImpl.invoke(NativeMethodAccessorImpl.java:62)
	at sun.reflect.DelegatingMethodAccessorImpl.invoke(DelegatingMethodAccessorImpl.java:43)
	at java.lang.reflect.Method.invoke(Method.java:497)
	at org.apache.ibatis.logging.jdbc.PreparedStatementLogger.invoke(PreparedStatementLogger.java:59)
	at com.sun.proxy.$Proxy54.execute(Unknown Source)
	at org.apache.ibatis.executor.statement.PreparedStatementHandler.update(PreparedStatementHandler.java:46)
	at org.apache.ibatis.executor.statement.RoutingStatementHandler.update(RoutingStatementHandler.java:74)
	at org.apache.ibatis.executor.ReuseExecutor.doUpdate(ReuseExecutor.java:52)
	at org.apache.ibatis.executor.BaseExecutor.update(BaseExecutor.java:117)
	at org.apache.ibatis.executor.CachingExecutor.update(CachingExecutor.java:76)
	at sun.reflect.NativeMethodAccessorImpl.invoke0(Native Method)
	at sun.reflect.NativeMethodAccessorImpl.invoke(NativeMethodAccessorImpl.java:62)
	at sun.reflect.DelegatingMethodAccessorImpl.invoke(DelegatingMethodAccessorImpl.java:43)
	at java.lang.reflect.Method.invoke(Method.java:497)
	at org.apache.ibatis.plugin.Plugin.invoke(Plugin.java:63)
	at com.sun.proxy.$Proxy52.update(Unknown Source)
	at org.apache.ibatis.session.defaults.DefaultSqlSession.update(DefaultSqlSession.java:198)
	at org.apache.ibatis.session.defaults.DefaultSqlSession.insert(DefaultSqlSession.java:185)
	at sun.reflect.NativeMethodAccessorImpl.invoke0(Native Method)
	at sun.reflect.NativeMethodAccessorImpl.invoke(NativeMethodAccessorImpl.java:62)
	at sun.reflect.DelegatingMethodAccessorImpl.invoke(DelegatingMethodAccessorImpl.java:43)
	at java.lang.reflect.Method.invoke(Method.java:497)
	at org.mybatis.spring.SqlSessionTemplate$SqlSessionInterceptor.invoke(SqlSessionTemplate.java:434)
	at com.sun.proxy.$Proxy21.insert(Unknown Source)
	at org.mybatis.spring.SqlSessionTemplate.insert(SqlSessionTemplate.java:279)
	at org.apache.ibatis.binding.MapperMethod.execute(MapperMethod.java:57)
	at org.apache.ibatis.binding.MapperProxy.invoke(MapperProxy.java:59)
	at com.sun.proxy.$Proxy40.insertCancelTable(Unknown Source)
	at com.sise.service.serviceimpl.CancelTableServiceImpl.saveCancelTable(CancelTableServiceImpl.java:21)
	at dao.CancelTableTest.Test(CancelTableTest.java:28)
	at sun.reflect.NativeMethodAccessorImpl.invoke0(Native Method)
	at sun.reflect.NativeMethodAccessorImpl.invoke(NativeMethodAccessorImpl.java:62)
	at sun.reflect.DelegatingMethodAccessorImpl.invoke(DelegatingMethodAccessorImpl.java:43)
	at java.lang.reflect.Method.invoke(Method.java:497)
	at org.junit.runners.model.FrameworkMethod$1.runReflectiveCall(FrameworkMethod.java:50)
	at org.junit.internal.runners.model.ReflectiveCallable.run(ReflectiveCallable.java:12)
	at org.junit.runners.model.FrameworkMethod.invokeExplosively(FrameworkMethod.java:47)
	at org.junit.internal.runners.statements.InvokeMethod.evaluate(InvokeMethod.java:17)
	at org.springframework.test.context.junit4.statements.RunBeforeTestMethodCallbacks.evaluate(RunBeforeTestMethodCallbacks.java:75)
	at org.springframework.test.context.junit4.statements.RunAfterTestMethodCallbacks.evaluate(RunAfterTestMethodCallbacks.java:86)
	at org.springframework.test.context.junit4.statements.SpringRepeat.evaluate(SpringRepeat.java:84)
	at org.junit.runners.ParentRunner.runLeaf(ParentRunner.java:325)
	at org.springframework.test.context.junit4.SpringJUnit4ClassRunner.runChild(SpringJUnit4ClassRunner.java:252)
	at org.springframework.test.context.junit4.SpringJUnit4ClassRunner.runChild(SpringJUnit4ClassRunner.java:94)
	at org.junit.runners.ParentRunner$3.run(ParentRunner.java:290)
	at org.junit.runners.ParentRunner$1.schedule(ParentRunner.java:71)
	at org.junit.runners.ParentRunner.runChildren(ParentRunner.java:288)
	at org.junit.runners.ParentRunner.access$000(ParentRunner.java:58)
	at org.junit.runners.ParentRunner$2.evaluate(ParentRunner.java:268)
	at org.springframework.test.context.junit4.statements.RunBeforeTestClassCallbacks.evaluate(RunBeforeTestClassCallbacks.java:61)
	at org.springframework.test.context.junit4.statements.RunAfterTestClassCallbacks.evaluate(RunAfterTestClassCallbacks.java:70)
	at org.junit.runners.ParentRunner.run(ParentRunner.java:363)
	at org.springframework.test.context.junit4.SpringJUnit4ClassRunner.run(SpringJUnit4ClassRunner.java:191)
	at org.apache.maven.surefire.junit4.JUnit4Provider.execute(JUnit4Provider.java:252)
	at org.apache.maven.surefire.junit4.JUnit4Provider.executeTestSet(JUnit4Provider.java:141)
	at org.apache.maven.surefire.junit4.JUnit4Provider.invoke(JUnit4Provider.java:112)
	at sun.reflect.NativeMethodAccessorImpl.invoke0(Native Method)
	at sun.reflect.NativeMethodAccessorImpl.invoke(NativeMethodAccessorImpl.java:62)
	at sun.reflect.DelegatingMethodAccessorImpl.invoke(DelegatingMethodAccessorImpl.java:43)
	at java.lang.reflect.Method.invoke(Method.java:497)
	at org.apache.maven.surefire.util.ReflectionUtils.invokeMethodWithArray(ReflectionUtils.java:189)
	at org.apache.maven.surefire.booter.ProviderFactory$ProviderProxy.invoke(ProviderFactory.java:165)
	at org.apache.maven.surefire.booter.ProviderFactory.invokeProvider(ProviderFactory.java:85)
	at org.apache.maven.surefire.booter.ForkedBooter.runSuitesInProcess(ForkedBooter.java:115)
	at org.apache.maven.surefire.booter.ForkedBooter.main(ForkedBooter.java:75)
DEBUG - Testing a Connection in response to an Exception:
com.mysql.jdbc.exceptions.jdbc4.MySQLIntegrityConstraintViolationException: Duplicate entry &apos;100001&apos; for key &apos;registration_id&apos;
	at sun.reflect.NativeConstructorAccessorImpl.newInstance0(Native Method)
	at sun.reflect.NativeConstructorAccessorImpl.newInstance(NativeConstructorAccessorImpl.java:62)
	at sun.reflect.DelegatingConstructorAccessorImpl.newInstance(DelegatingConstructorAccessorImpl.java:45)
	at java.lang.reflect.Constructor.newInstance(Constructor.java:422)
	at com.mysql.jdbc.Util.handleNewInstance(Util.java:409)
	at com.mysql.jdbc.Util.getInstance(Util.java:384)
	at com.mysql.jdbc.SQLError.createSQLException(SQLError.java:1039)
	at com.mysql.jdbc.MysqlIO.checkErrorPacket(MysqlIO.java:4232)
	at com.mysql.jdbc.MysqlIO.checkErrorPacket(MysqlIO.java:4164)
	at com.mysql.jdbc.MysqlIO.sendCommand(MysqlIO.java:2615)
	at com.mysql.jdbc.MysqlIO.sqlQueryDirect(MysqlIO.java:2776)
	at com.mysql.jdbc.ConnectionImpl.execSQL(ConnectionImpl.java:2838)
	at com.mysql.jdbc.PreparedStatement.executeInternal(PreparedStatement.java:2082)
	at com.mysql.jdbc.PreparedStatement.execute(PreparedStatement.java:1307)
	at com.mchange.v2.c3p0.impl.NewProxyPreparedStatement.execute(NewProxyPreparedStatement.java:67)
	at sun.reflect.NativeMethodAccessorImpl.invoke0(Native Method)
	at sun.reflect.NativeMethodAccessorImpl.invoke(NativeMethodAccessorImpl.java:62)
	at sun.reflect.DelegatingMethodAccessorImpl.invoke(DelegatingMethodAccessorImpl.java:43)
	at java.lang.reflect.Method.invoke(Method.java:497)
	at org.apache.ibatis.logging.jdbc.PreparedStatementLogger.invoke(PreparedStatementLogger.java:59)
	at com.sun.proxy.$Proxy54.execute(Unknown Source)
	at org.apache.ibatis.executor.statement.PreparedStatementHandler.update(PreparedStatementHandler.java:46)
	at org.apache.ibatis.executor.statement.RoutingStatementHandler.update(RoutingStatementHandler.java:74)
	at org.apache.ibatis.executor.ReuseExecutor.doUpdate(ReuseExecutor.java:52)
	at org.apache.ibatis.executor.BaseExecutor.update(BaseExecutor.java:117)
	at org.apache.ibatis.executor.CachingExecutor.update(CachingExecutor.java:76)
	at sun.reflect.NativeMethodAccessorImpl.invoke0(Native Method)
	at sun.reflect.NativeMethodAccessorImpl.invoke(NativeMethodAccessorImpl.java:62)
	at sun.reflect.DelegatingMethodAccessorImpl.invoke(DelegatingMethodAccessorImpl.java:43)
	at java.lang.reflect.Method.invoke(Method.java:497)
	at org.apache.ibatis.plugin.Plugin.invoke(Plugin.java:63)
	at com.sun.proxy.$Proxy52.update(Unknown Source)
	at org.apache.ibatis.session.defaults.DefaultSqlSession.update(DefaultSqlSession.java:198)
	at org.apache.ibatis.session.defaults.DefaultSqlSession.insert(DefaultSqlSession.java:185)
	at sun.reflect.NativeMethodAccessorImpl.invoke0(Native Method)
	at sun.reflect.NativeMethodAccessorImpl.invoke(NativeMethodAccessorImpl.java:62)
	at sun.reflect.DelegatingMethodAccessorImpl.invoke(DelegatingMethodAccessorImpl.java:43)
	at java.lang.reflect.Method.invoke(Method.java:497)
	at org.mybatis.spring.SqlSessionTemplate$SqlSessionInterceptor.invoke(SqlSessionTemplate.java:434)
	at com.sun.proxy.$Proxy21.insert(Unknown Source)
	at org.mybatis.spring.SqlSessionTemplate.insert(SqlSessionTemplate.java:279)
	at org.apache.ibatis.binding.MapperMethod.execute(MapperMethod.java:57)
	at org.apache.ibatis.binding.MapperProxy.invoke(MapperProxy.java:59)
	at com.sun.proxy.$Proxy40.insertCancelTable(Unknown Source)
	at com.sise.service.serviceimpl.CancelTableServiceImpl.saveCancelTable(CancelTableServiceImpl.java:21)
	at dao.CancelTableTest.Test(CancelTableTest.java:28)
	at sun.reflect.NativeMethodAccessorImpl.invoke0(Native Method)
	at sun.reflect.NativeMethodAccessorImpl.invoke(NativeMethodAccessorImpl.java:62)
	at sun.reflect.DelegatingMethodAccessorImpl.invoke(DelegatingMethodAccessorImpl.java:43)
	at java.lang.reflect.Method.invoke(Method.java:497)
	at org.junit.runners.model.FrameworkMethod$1.runReflectiveCall(FrameworkMethod.java:50)
	at org.junit.internal.runners.model.ReflectiveCallable.run(ReflectiveCallable.java:12)
	at org.junit.runners.model.FrameworkMethod.invokeExplosively(FrameworkMethod.java:47)
	at org.junit.internal.runners.statements.InvokeMethod.evaluate(InvokeMethod.java:17)
	at org.springframework.test.context.junit4.statements.RunBeforeTestMethodCallbacks.evaluate(RunBeforeTestMethodCallbacks.java:75)
	at org.springframework.test.context.junit4.statements.RunAfterTestMethodCallbacks.evaluate(RunAfterTestMethodCallbacks.java:86)
	at org.springframework.test.context.junit4.statements.SpringRepeat.evaluate(SpringRepeat.java:84)
	at org.junit.runners.ParentRunner.runLeaf(ParentRunner.java:325)
	at org.springframework.test.context.junit4.SpringJUnit4ClassRunner.runChild(SpringJUnit4ClassRunner.java:252)
	at org.springframework.test.context.junit4.SpringJUnit4ClassRunner.runChild(SpringJUnit4ClassRunner.java:94)
	at org.junit.runners.ParentRunner$3.run(ParentRunner.java:290)
	at org.junit.runners.ParentRunner$1.schedule(ParentRunner.java:71)
	at org.junit.runners.ParentRunner.runChildren(ParentRunner.java:288)
	at org.junit.runners.ParentRunner.access$000(ParentRunner.java:58)
	at org.junit.runners.ParentRunner$2.evaluate(ParentRunner.java:268)
	at org.springframework.test.context.junit4.statements.RunBeforeTestClassCallbacks.evaluate(RunBeforeTestClassCallbacks.java:61)
	at org.springframework.test.context.junit4.statements.RunAfterTestClassCallbacks.evaluate(RunAfterTestClassCallbacks.java:70)
	at org.junit.runners.ParentRunner.run(ParentRunner.java:363)
	at org.springframework.test.context.junit4.SpringJUnit4ClassRunner.run(SpringJUnit4ClassRunner.java:191)
	at org.apache.maven.surefire.junit4.JUnit4Provider.execute(JUnit4Provider.java:252)
	at org.apache.maven.surefire.junit4.JUnit4Provider.executeTestSet(JUnit4Provider.java:141)
	at org.apache.maven.surefire.junit4.JUnit4Provider.invoke(JUnit4Provider.java:112)
	at sun.reflect.NativeMethodAccessorImpl.invoke0(Native Method)
	at sun.reflect.NativeMethodAccessorImpl.invoke(NativeMethodAccessorImpl.java:62)
	at sun.reflect.DelegatingMethodAccessorImpl.invoke(DelegatingMethodAccessorImpl.java:43)
	at java.lang.reflect.Method.invoke(Method.java:497)
	at org.apache.maven.surefire.util.ReflectionUtils.invokeMethodWithArray(ReflectionUtils.java:189)
	at org.apache.maven.surefire.booter.ProviderFactory$ProviderProxy.invoke(ProviderFactory.java:165)
	at org.apache.maven.surefire.booter.ProviderFactory.invokeProvider(ProviderFactory.java:85)
	at org.apache.maven.surefire.booter.ForkedBooter.runSuitesInProcess(ForkedBooter.java:115)
	at org.apache.maven.surefire.booter.ForkedBooter.main(ForkedBooter.java:75)
DEBUG - Closing non transactional SqlSession [org.apache.ibatis.session.defaults.DefaultSqlSession@373ebf74]
DEBUG - Returning JDBC Connection to DataSource
DEBUG - Adding [systemProperties] PropertySource with lowest search precedence
DEBUG - Adding [systemEnvironment] PropertySource with lowest search precedence
DEBUG - Initialized StandardEnvironment with PropertySources [systemProperties,systemEnvironment]
INFO - Loading XML bean definitions from class path resource [org/springframework/jdbc/support/sql-error-codes.xml]
DEBUG - Using JAXP provider [com.sun.org.apache.xerces.internal.jaxp.DocumentBuilderFactoryImpl]
DEBUG - Found beans DTD [http://www.springframework.org/dtd/spring-beans-2.0.dtd] in classpath: spring-beans-2.0.dtd
DEBUG - Loading bean definitions
DEBUG - Creating shared instance of singleton bean &apos;DB2&apos;
DEBUG - Creating instance of bean &apos;DB2&apos;
DEBUG - Eagerly caching bean &apos;DB2&apos; to allow for resolving potential circular references
DEBUG - Finished creating instance of bean &apos;DB2&apos;
DEBUG - Creating shared instance of singleton bean &apos;Derby&apos;
DEBUG - Creating instance of bean &apos;Derby&apos;
DEBUG - Eagerly caching bean &apos;Derby&apos; to allow for resolving potential circular references
DEBUG - Finished creating instance of bean &apos;Derby&apos;
DEBUG - Creating shared instance of singleton bean &apos;H2&apos;
DEBUG - Creating instance of bean &apos;H2&apos;
DEBUG - Eagerly caching bean &apos;H2&apos; to allow for resolving potential circular references
DEBUG - Finished creating instance of bean &apos;H2&apos;
DEBUG - Creating shared instance of singleton bean &apos;HSQL&apos;
DEBUG - Creating instance of bean &apos;HSQL&apos;
DEBUG - Eagerly caching bean &apos;HSQL&apos; to allow for resolving potential circular references
DEBUG - Finished creating instance of bean &apos;HSQL&apos;
DEBUG - Creating shared instance of singleton bean &apos;Informix&apos;
DEBUG - Creating instance of bean &apos;Informix&apos;
DEBUG - Eagerly caching bean &apos;Informix&apos; to allow for resolving potential circular references
DEBUG - Finished creating instance of bean &apos;Informix&apos;
DEBUG - Creating shared instance of singleton bean &apos;MS-SQL&apos;
DEBUG - Creating instance of bean &apos;MS-SQL&apos;
DEBUG - Eagerly caching bean &apos;MS-SQL&apos; to allow for resolving potential circular references
DEBUG - Finished creating instance of bean &apos;MS-SQL&apos;
DEBUG - Creating shared instance of singleton bean &apos;MySQL&apos;
DEBUG - Creating instance of bean &apos;MySQL&apos;
DEBUG - Eagerly caching bean &apos;MySQL&apos; to allow for resolving potential circular references
DEBUG - Finished creating instance of bean &apos;MySQL&apos;
DEBUG - Creating shared instance of singleton bean &apos;Oracle&apos;
DEBUG - Creating instance of bean &apos;Oracle&apos;
DEBUG - Eagerly caching bean &apos;Oracle&apos; to allow for resolving potential circular references
DEBUG - Finished creating instance of bean &apos;Oracle&apos;
DEBUG - Creating shared instance of singleton bean &apos;PostgreSQL&apos;
DEBUG - Creating instance of bean &apos;PostgreSQL&apos;
DEBUG - Eagerly caching bean &apos;PostgreSQL&apos; to allow for resolving potential circular references
DEBUG - Finished creating instance of bean &apos;PostgreSQL&apos;
DEBUG - Creating shared instance of singleton bean &apos;Sybase&apos;
DEBUG - Creating instance of bean &apos;Sybase&apos;
DEBUG - Eagerly caching bean &apos;Sybase&apos; to allow for resolving potential circular references
DEBUG - Finished creating instance of bean &apos;Sybase&apos;
DEBUG - Creating shared instance of singleton bean &apos;Hana&apos;
DEBUG - Creating instance of bean &apos;Hana&apos;
DEBUG - Eagerly caching bean &apos;Hana&apos; to allow for resolving potential circular references
DEBUG - Finished creating instance of bean &apos;Hana&apos;
INFO - SQLErrorCodes loaded: [DB2, Derby, H2, HSQL, Informix, MS-SQL, MySQL, Oracle, PostgreSQL, Sybase, Hana]
DEBUG - Looking up default SQLErrorCodes for DataSource [com.mchange.v2.c3p0.ComboPooledDataSource@7e9187fe]
DEBUG - Fetching JDBC Connection from DataSource
DEBUG - Returning JDBC Connection to DataSource
DEBUG - SQL error codes for &apos;MySQL&apos; found
DEBUG - Caching SQL error codes for DataSource [com.mchange.v2.c3p0.ComboPooledDataSource@7e9187fe]: database product name is &apos;MySQL&apos;
DEBUG - Translating SQLException with SQL state &apos;23000&apos;, error code &apos;1062&apos;, message [Duplicate entry &apos;100001&apos; for key &apos;registration_id&apos;]; SQL was [] for task [
### Error updating database.  Cause: com.mysql.jdbc.exceptions.jdbc4.MySQLIntegrityConstraintViolationException: Duplicate entry &apos;100001&apos; for key &apos;registration_id&apos;
### The error may involve com.sise.dao.CancelTableDao.insertCancelTable-Inline
### The error occurred while setting parameters
### SQL: INSERT INTO cancel_table(cancel_content,cancel_time,employee_id,registration_id,cancel_status) VALUES (?,?,?,?,?)
### Cause: com.mysql.jdbc.exceptions.jdbc4.MySQLIntegrityConstraintViolationException: Duplicate entry &apos;100001&apos; for key &apos;registration_id&apos;
]
DEBUG - After test method: context [DefaultTestContext@610694f1 testClass = CancelTableTest, testInstance = dao.CancelTableTest@49fc609f, testMethod = Test@CancelTableTest, testException = org.springframework.dao.DuplicateKeyException: 
### Error updating database.  Cause: com.mysql.jdbc.exceptions.jdbc4.MySQLIntegrityConstraintViolationException: Duplicate entry &apos;100001&apos; for key &apos;registration_id&apos;
### The error may involve com.sise.dao.CancelTableDao.insertCancelTable-Inline
### The error occurred while setting parameters
### SQL: INSERT INTO cancel_table(cancel_content,cancel_time,employee_id,registration_id,cancel_status) VALUES (?,?,?,?,?)
### Cause: com.mysql.jdbc.exceptions.jdbc4.MySQLIntegrityConstraintViolationException: Duplicate entry &apos;100001&apos; for key &apos;registration_id&apos;
; SQL []; Duplicate entry &apos;100001&apos; for key &apos;registration_id&apos;; nested exception is com.mysql.jdbc.exceptions.jdbc4.MySQLIntegrityConstraintViolationException: Duplicate entry &apos;100001&apos; for key &apos;registration_id&apos;, mergedContextConfiguration = [MergedContextConfiguration@43814d18 testClass = CancelTableTest, locations = &apos;{classpath:ssm/applicationContext.xml}&apos;, classes = &apos;{}&apos;, contextInitializerClasses = &apos;[]&apos;, activeProfiles = &apos;{}&apos;, propertySourceLocations = &apos;{}&apos;, propertySourceProperties = &apos;{}&apos;, contextCustomizers = set[[empty]], contextLoader = &apos;org.springframework.test.context.support.DelegatingSmartContextLoader&apos;, parent = [null]]], class annotated with @DirtiesContext [false] with mode [null], method annotated with @DirtiesContext [false] with mode [null].
</system-out>
  </testcase>
</testsuite>