<?xml version="1.0" encoding="UTF-8" ?>
<testsuite tests="9" failures="0" name="dao.ContractTest" time="0.142" errors="1" skipped="0">
  <properties>
[...]
</properties>
  <testcase classname="dao.ContractTest" name="searchStatusByIdTest" time="0"/>
  <testcase classname="dao.ContractTest" name="searchContractFileByContractIdTest" time="0.001"/>
  <testcase classname="dao.ContractTest" name="delContractByIdTest" time="0"/>
  <testcase classname="dao.ContractTest" name="Test" time="0"/>
  <testcase classname="dao.ContractTest" name="updateStatusByIdTest" time="0"/>
  <testcase classname="dao.ContractTest" name="searchContractByRegistrationIdTest" time="0.109">
    <error message="nested exception is org.apache.ibatis.exceptions.TooManyResultsException: Expected one result (or null) to be returned by selectOne(), but found: 2" type="org.mybatis.spring.MyBatisSystemException">org.mybatis.spring.MyBatisSystemException: nested exception is org.apache.ibatis.exceptions.TooManyResultsException: Expected one result (or null) to be returned by selectOne(), but found: 2
	at org.mybatis.spring.MyBatisExceptionTranslator.translateExceptionIfPossible(MyBatisExceptionTranslator.java:79)
	at org.mybatis.spring.SqlSessionTemplate$SqlSessionInterceptor.invoke(SqlSessionTemplate.java:447)
	at com.sun.proxy.$Proxy21.selectOne(Unknown Source)
	at org.mybatis.spring.SqlSessionTemplate.selectOne(SqlSessionTemplate.java:167)
	at org.apache.ibatis.binding.MapperMethod.execute(MapperMethod.java:82)
	at org.apache.ibatis.binding.MapperProxy.invoke(MapperProxy.java:59)
	at com.sun.proxy.$Proxy28.searchContractByRegistrationId(Unknown Source)
	at dao.ContractTest.searchContractByRegistrationIdTest(ContractTest.java:42)
	at sun.reflect.NativeMethodAccessorImpl.invoke0(Native Method)
	at sun.reflect.NativeMethodAccessorImpl.invoke(NativeMethodAccessorImpl.java:62)
	at sun.reflect.DelegatingMethodAccessorImpl.invoke(DelegatingMethodAccessorImpl.java:43)
	at java.lang.reflect.Method.invoke(Method.java:497)
	at org.junit.runners.model.FrameworkMethod$1.runReflectiveCall(FrameworkMethod.java:50)
	at org.junit.internal.runners.model.ReflectiveCallable.run(ReflectiveCallable.java:12)
	at org.junit.runners.model.FrameworkMethod.invokeExplosively(FrameworkMethod.java:47)
	at org.junit.internal.runners.statements.InvokeMethod.evaluate(InvokeMethod.java:17)
	at org.springframework.test.context.junit4.statements.RunBeforeTestMethodCallbacks.evaluate(RunBeforeTestMethodCallbacks.java:75)
	at org.springframework.test.context.junit4.statements.RunAfterTestMethodCallbacks.evaluate(RunAfterTestMethodCallbacks.java:86)
	at org.springframework.test.context.junit4.statements.SpringRepeat.evaluate(SpringRepeat.java:84)
	at org.junit.runners.ParentRunner.runLeaf(ParentRunner.java:325)
	at org.springframework.test.context.junit4.SpringJUnit4ClassRunner.runChild(SpringJUnit4ClassRunner.java:252)
	at org.springframework.test.context.junit4.SpringJUnit4ClassRunner.runChild(SpringJUnit4ClassRunner.java:94)
	at org.junit.runners.ParentRunner$3.run(ParentRunner.java:290)
	at org.junit.runners.ParentRunner$1.schedule(ParentRunner.java:71)
	at org.junit.runners.ParentRunner.runChildren(ParentRunner.java:288)
	at org.junit.runners.ParentRunner.access$000(ParentRunner.java:58)
	at org.junit.runners.ParentRunner$2.evaluate(ParentRunner.java:268)
	at org.springframework.test.context.junit4.statements.RunBeforeTestClassCallbacks.evaluate(RunBeforeTestClassCallbacks.java:61)
	at org.springframework.test.context.junit4.statements.RunAfterTestClassCallbacks.evaluate(RunAfterTestClassCallbacks.java:70)
	at org.junit.runners.ParentRunner.run(ParentRunner.java:363)
	at org.springframework.test.context.junit4.SpringJUnit4ClassRunner.run(SpringJUnit4ClassRunner.java:191)
	at org.apache.maven.surefire.junit4.JUnit4Provider.execute(JUnit4Provider.java:252)
	at org.apache.maven.surefire.junit4.JUnit4Provider.executeTestSet(JUnit4Provider.java:141)
	at org.apache.maven.surefire.junit4.JUnit4Provider.invoke(JUnit4Provider.java:112)
	at sun.reflect.NativeMethodAccessorImpl.invoke0(Native Method)
	at sun.reflect.NativeMethodAccessorImpl.invoke(NativeMethodAccessorImpl.java:62)
	at sun.reflect.DelegatingMethodAccessorImpl.invoke(DelegatingMethodAccessorImpl.java:43)
	at java.lang.reflect.Method.invoke(Method.java:497)
	at org.apache.maven.surefire.util.ReflectionUtils.invokeMethodWithArray(ReflectionUtils.java:189)
	at org.apache.maven.surefire.booter.ProviderFactory$ProviderProxy.invoke(ProviderFactory.java:165)
	at org.apache.maven.surefire.booter.ProviderFactory.invokeProvider(ProviderFactory.java:85)
	at org.apache.maven.surefire.booter.ForkedBooter.runSuitesInProcess(ForkedBooter.java:115)
	at org.apache.maven.surefire.booter.ForkedBooter.main(ForkedBooter.java:75)
Caused by: org.apache.ibatis.exceptions.TooManyResultsException: Expected one result (or null) to be returned by selectOne(), but found: 2
	at org.apache.ibatis.session.defaults.DefaultSqlSession.selectOne(DefaultSqlSession.java:81)
	at sun.reflect.NativeMethodAccessorImpl.invoke0(Native Method)
	at sun.reflect.NativeMethodAccessorImpl.invoke(NativeMethodAccessorImpl.java:62)
	at sun.reflect.DelegatingMethodAccessorImpl.invoke(DelegatingMethodAccessorImpl.java:43)
	at java.lang.reflect.Method.invoke(Method.java:497)
	at org.mybatis.spring.SqlSessionTemplate$SqlSessionInterceptor.invoke(SqlSessionTemplate.java:434)
	... 41 more
</error>
    <system-out>DEBUG - Retrieved @ProfileValueSourceConfiguration [null] for test class [dao.ContractTest]
DEBUG - Retrieved ProfileValueSource type [class org.springframework.test.annotation.SystemProfileValueSource] for class [dao.ContractTest]
DEBUG - Performing dependency injection for test context [[DefaultTestContext@aeab9a1 testClass = ContractTest, testInstance = dao.ContractTest@5e81e5ac, testMethod = [null], testException = [null], mergedContextConfiguration = [MergedContextConfiguration@40f70521 testClass = ContractTest, locations = &apos;{classpath:ssm/applicationContext.xml}&apos;, classes = &apos;{}&apos;, contextInitializerClasses = &apos;[]&apos;, activeProfiles = &apos;{}&apos;, propertySourceLocations = &apos;{}&apos;, propertySourceProperties = &apos;{}&apos;, contextCustomizers = set[[empty]], contextLoader = &apos;org.springframework.test.context.support.DelegatingSmartContextLoader&apos;, parent = [null]]]].
DEBUG - Retrieved ApplicationContext from cache with key [[MergedContextConfiguration@40f70521 testClass = ContractTest, locations = &apos;{classpath:ssm/applicationContext.xml}&apos;, classes = &apos;{}&apos;, contextInitializerClasses = &apos;[]&apos;, activeProfiles = &apos;{}&apos;, propertySourceLocations = &apos;{}&apos;, propertySourceProperties = &apos;{}&apos;, contextCustomizers = set[[empty]], contextLoader = &apos;org.springframework.test.context.support.DelegatingSmartContextLoader&apos;, parent = [null]]]
DEBUG - Spring test ApplicationContext cache statistics: [DefaultContextCache@37c7595 size = 1, maxSize = 32, parentContextCount = 0, hitCount = 9, missCount = 1]
DEBUG - Processing injected element of bean &apos;dao.ContractTest&apos;: AutowiredFieldElement for private com.sise.dao.ContractDao dao.ContractTest.contractDao
DEBUG - Returning cached instance of singleton bean &apos;contractDao&apos;
DEBUG - Processing injected element of bean &apos;dao.ContractTest&apos;: AutowiredFieldElement for private com.sise.dao.DecorationModeDao dao.ContractTest.decorationModeDao
DEBUG - Returning cached instance of singleton bean &apos;decorationModeDao&apos;
DEBUG - Before test method: context [DefaultTestContext@aeab9a1 testClass = ContractTest, testInstance = dao.ContractTest@5e81e5ac, testMethod = searchContractByRegistrationIdTest@ContractTest, testException = [null], mergedContextConfiguration = [MergedContextConfiguration@40f70521 testClass = ContractTest, locations = &apos;{classpath:ssm/applicationContext.xml}&apos;, classes = &apos;{}&apos;, contextInitializerClasses = &apos;[]&apos;, activeProfiles = &apos;{}&apos;, propertySourceLocations = &apos;{}&apos;, propertySourceProperties = &apos;{}&apos;, contextCustomizers = set[[empty]], contextLoader = &apos;org.springframework.test.context.support.DelegatingSmartContextLoader&apos;, parent = [null]]], class annotated with @DirtiesContext [false] with mode [null], method annotated with @DirtiesContext [false] with mode [null].
DEBUG - Creating a new SqlSession
DEBUG - SqlSession [org.apache.ibatis.session.defaults.DefaultSqlSession@4189d70b] was not registered for synchronization because synchronization is not active
DEBUG - Fetching JDBC Connection from DataSource
DEBUG - JDBC Connection [com.mchange.v2.c3p0.impl.NewProxyConnection@3e7634b9 [wrapping: com.mysql.jdbc.JDBC4Connection@753432a2]] will not be managed by Spring
DEBUG - ==&gt;  Preparing: SELECT * FROM contract WHERE registration_id=? 
DEBUG - ==&gt; Parameters: 100002(Integer)
DEBUG - &lt;==      Total: 2
DEBUG - Closing non transactional SqlSession [org.apache.ibatis.session.defaults.DefaultSqlSession@4189d70b]
DEBUG - Returning JDBC Connection to DataSource
DEBUG - After test method: context [DefaultTestContext@aeab9a1 testClass = ContractTest, testInstance = dao.ContractTest@5e81e5ac, testMethod = searchContractByRegistrationIdTest@ContractTest, testException = org.mybatis.spring.MyBatisSystemException: nested exception is org.apache.ibatis.exceptions.TooManyResultsException: Expected one result (or null) to be returned by selectOne(), but found: 2, mergedContextConfiguration = [MergedContextConfiguration@40f70521 testClass = ContractTest, locations = &apos;{classpath:ssm/applicationContext.xml}&apos;, classes = &apos;{}&apos;, contextInitializerClasses = &apos;[]&apos;, activeProfiles = &apos;{}&apos;, propertySourceLocations = &apos;{}&apos;, propertySourceProperties = &apos;{}&apos;, contextCustomizers = set[[empty]], contextLoader = &apos;org.springframework.test.context.support.DelegatingSmartContextLoader&apos;, parent = [null]]], class annotated with @DirtiesContext [false] with mode [null], method annotated with @DirtiesContext [false] with mode [null].
</system-out>
  </testcase>
  <testcase classname="dao.ContractTest" name="findDecorationModeByIdTest" time="0.011"/>
  <testcase classname="dao.ContractTest" name="findAllDecorationModeTest" time="0.007"/>
  <testcase classname="dao.ContractTest" name="insertContractTest" time="0.014"/>
</testsuite>